[    0.000000] Linux version 4.8.0-49-generic (buildd@lcy01-30) (gcc version 6.2.0 20161005 (Ubuntu 6.2.0-5ubuntu12) ) #52-Ubuntu SMP Thu Apr 20 09:38:39 UTC 2017 (Ubuntu 4.8.0-49.52-generic 4.8.17)
[    0.000000] Command line: BOOT_IMAGE=/boot/vmlinuz-4.8.0-49-generic root=LABEL=cloudimg-rootfs ro console=tty1 console=ttyS0
[    0.000000] KERNEL supported cpus:
[    0.000000]   Intel GenuineIntel
[    0.000000]   AMD AuthenticAMD
[    0.000000]   Centaur CentaurHauls
[    0.000000] x86/fpu: Supporting XSAVE feature 0x001: 'x87 floating point registers'
[    0.000000] x86/fpu: Supporting XSAVE feature 0x002: 'SSE registers'
[    0.000000] x86/fpu: Supporting XSAVE feature 0x004: 'AVX registers'
[    0.000000] x86/fpu: xstate_offset[2]:  576, xstate_sizes[2]:  256
[    0.000000] x86/fpu: Enabled xstate features 0x7, context size is 832 bytes, using 'standard' format.
[    0.000000] x86/fpu: Using 'eager' FPU context switches.
[    0.000000] e820: BIOS-provided physical RAM map:
[    0.000000] BIOS-e820: [mem 0x0000000000000000-0x000000000009fbff] usable
[    0.000000] BIOS-e820: [mem 0x000000000009fc00-0x000000000009ffff] reserved
[    0.000000] BIOS-e820: [mem 0x00000000000f0000-0x00000000000fffff] reserved
[    0.000000] BIOS-e820: [mem 0x0000000000100000-0x00000000dffeffff] usable
[    0.000000] BIOS-e820: [mem 0x00000000dfff0000-0x00000000dfffffff] ACPI data
[    0.000000] BIOS-e820: [mem 0x00000000fec00000-0x00000000fec00fff] reserved
[    0.000000] BIOS-e820: [mem 0x00000000fee00000-0x00000000fee00fff] reserved
[    0.000000] BIOS-e820: [mem 0x00000000fffc0000-0x00000000ffffffff] reserved
[    0.000000] BIOS-e820: [mem 0x0000000100000000-0x000000021fffffff] usable
[    0.000000] NX (Execute Disable) protection: active
[    0.000000] SMBIOS 2.5 present.
[    0.000000] Hypervisor detected: KVM
[    0.000000] e820: last_pfn = 0x220000 max_arch_pfn = 0x400000000
[    0.000000] MTRR: Disabled
[    0.000000] x86/PAT: MTRRs disabled, skipping PAT initialization too.
[    0.000000] x86/PAT: Configuration [0-7]: WB  WT  UC- UC  WB  WT  UC- UC  
[    0.000000] CPU MTRRs all blank - virtualized system.
[    0.000000] e820: last_pfn = 0xdfff0 max_arch_pfn = 0x400000000
[    0.000000] found SMP MP-table at [mem 0x0009fff0-0x0009ffff] mapped at [ffff95de4009fff0]
[    0.000000] Scanning 1 areas for low memory corruption
[    0.000000] RAMDISK: [mem 0x36982000-0x374b8fff]
[    0.000000] ACPI: Early table checksum verification disabled
[    0.000000] ACPI: RSDP 0x00000000000E0000 000024 (v02 VBOX  )
[    0.000000] ACPI: XSDT 0x00000000DFFF0030 00003C (v01 VBOX   VBOXXSDT 00000001 ASL  00000061)
[    0.000000] ACPI: FACP 0x00000000DFFF00F0 0000F4 (v04 VBOX   VBOXFACP 00000001 ASL  00000061)
[    0.000000] ACPI: DSDT 0x00000000DFFF0470 0021C8 (v02 VBOX   VBOXBIOS 00000002 INTL 20100528)
[    0.000000] ACPI: FACS 0x00000000DFFF0200 000040
[    0.000000] ACPI: FACS 0x00000000DFFF0200 000040
[    0.000000] ACPI: APIC 0x00000000DFFF0240 00005C (v02 VBOX   VBOXAPIC 00000001 ASL  00000061)
[    0.000000] ACPI: SSDT 0x00000000DFFF02A0 0001CC (v01 VBOX   VBOXCPUT 00000002 INTL 20100528)
[    0.000000] No NUMA configuration found
[    0.000000] Faking a node at [mem 0x0000000000000000-0x000000021fffffff]
[    0.000000] NODE_DATA(0) allocated [mem 0x21fffa000-0x21fffefff]
[    0.000000] kvm-clock: Using msrs 4b564d01 and 4b564d00
[    0.000000] kvm-clock: cpu 0, msr 2:1fff2001, primary cpu clock
[    0.000000] kvm-clock: using sched offset of 3732446514 cycles
[    0.000000] clocksource: kvm-clock: mask: 0xffffffffffffffff max_cycles: 0x1cd42e4dffb, max_idle_ns: 881590591483 ns
[    0.000000] Zone ranges:
[    0.000000]   DMA      [mem 0x0000000000001000-0x0000000000ffffff]
[    0.000000]   DMA32    [mem 0x0000000001000000-0x00000000ffffffff]
[    0.000000]   Normal   [mem 0x0000000100000000-0x000000021fffffff]
[    0.000000]   Device   empty
[    0.000000] Movable zone start for each node
[    0.000000] Early memory node ranges
[    0.000000]   node   0: [mem 0x0000000000001000-0x000000000009efff]
[    0.000000]   node   0: [mem 0x0000000000100000-0x00000000dffeffff]
[    0.000000]   node   0: [mem 0x0000000100000000-0x000000021fffffff]
[    0.000000] Initmem setup node 0 [mem 0x0000000000001000-0x000000021fffffff]
[    0.000000] ACPI: PM-Timer IO Port: 0x4008
[    0.000000] IOAPIC[0]: apic_id 2, version 32, address 0xfec00000, GSI 0-23
[    0.000000] ACPI: INT_SRC_OVR (bus 0 bus_irq 0 global_irq 2 dfl dfl)
[    0.000000] ACPI: INT_SRC_OVR (bus 0 bus_irq 9 global_irq 9 high level)
[    0.000000] Using ACPI (MADT) for SMP configuration information
[    0.000000] smpboot: Allowing 2 CPUs, 0 hotplug CPUs
[    0.000000] PM: Registered nosave memory: [mem 0x00000000-0x00000fff]
[    0.000000] PM: Registered nosave memory: [mem 0x0009f000-0x0009ffff]
[    0.000000] PM: Registered nosave memory: [mem 0x000a0000-0x000effff]
[    0.000000] PM: Registered nosave memory: [mem 0x000f0000-0x000fffff]
[    0.000000] PM: Registered nosave memory: [mem 0xdfff0000-0xdfffffff]
[    0.000000] PM: Registered nosave memory: [mem 0xe0000000-0xfebfffff]
[    0.000000] PM: Registered nosave memory: [mem 0xfec00000-0xfec00fff]
[    0.000000] PM: Registered nosave memory: [mem 0xfec01000-0xfedfffff]
[    0.000000] PM: Registered nosave memory: [mem 0xfee00000-0xfee00fff]
[    0.000000] PM: Registered nosave memory: [mem 0xfee01000-0xfffbffff]
[    0.000000] PM: Registered nosave memory: [mem 0xfffc0000-0xffffffff]
[    0.000000] e820: [mem 0xe0000000-0xfebfffff] available for PCI devices
[    0.000000] Booting paravirtualized kernel on KVM
[    0.000000] clocksource: refined-jiffies: mask: 0xffffffff max_cycles: 0xffffffff, max_idle_ns: 7645519600211568 ns
[    0.000000] setup_percpu: NR_CPUS:512 nr_cpumask_bits:512 nr_cpu_ids:2 nr_node_ids:1
[    0.000000] percpu: Embedded 36 pages/cpu @ffff95e05fc00000 s107864 r8192 d31400 u1048576
[    0.000000] PV qspinlock hash table entries: 256 (order: 0, 4096 bytes)
[    0.000000] Built 1 zonelists in Node order, mobility grouping on.  Total pages: 2064249
[    0.000000] Policy zone: Normal
[    0.000000] Kernel command line: BOOT_IMAGE=/boot/vmlinuz-4.8.0-49-generic root=LABEL=cloudimg-rootfs ro console=tty1 console=ttyS0
[    0.000000] PID hash table entries: 4096 (order: 3, 32768 bytes)
[    0.000000] Memory: 8160144K/8388152K available (8848K kernel code, 1441K rwdata, 3828K rodata, 1552K init, 1296K bss, 228008K reserved, 0K cma-reserved)
[    0.000000] SLUB: HWalign=64, Order=0-3, MinObjects=0, CPUs=2, Nodes=1
[    0.000000] Hierarchical RCU implementation.
[    0.000000] 	Build-time adjustment of leaf fanout to 64.
[    0.000000] 	RCU restricting CPUs from NR_CPUS=512 to nr_cpu_ids=2.
[    0.000000] RCU: Adjusting geometry for rcu_fanout_leaf=64, nr_cpu_ids=2
[    0.000000] NR_IRQS:33024 nr_irqs:440 16
[    0.000000] Console: colour VGA+ 80x25
[    0.000000] console [tty1] enabled
[    0.000000] console [ttyS0] enabled
[    0.000000] tsc: Detected 3498.986 MHz processor
[    5.001671] Calibrating delay loop (skipped) preset value.. 6997.97 BogoMIPS (lpj=13995944)
[    5.095283] pid_max: default: 32768 minimum: 301
[    5.123856] ACPI: Core revision 20160422
[    5.194615] ACPI: 2 ACPI AML tables successfully acquired and loaded
[    5.226534] 
[    5.251704] Security Framework initialized
[    5.264523] Yama: becoming mindful.
[    5.265346] AppArmor: AppArmor initialized
[    5.306712] Dentry cache hash table entries: 1048576 (order: 11, 8388608 bytes)
[    5.365178] Inode-cache hash table entries: 524288 (order: 10, 4194304 bytes)
[    5.444805] Mount-cache hash table entries: 16384 (order: 5, 131072 bytes)
[    5.539828] Mountpoint-cache hash table entries: 16384 (order: 5, 131072 bytes)
[    5.559807] CPU: Physical Processor ID: 0
[    5.577732] CPU: Processor Core ID: 0
[    5.616316] mce: CPU supports 0 MCE banks
[    5.679766] Last level iTLB entries: 4KB 1024, 2MB 1024, 4MB 1024
[    5.724757] Last level dTLB entries: 4KB 1024, 2MB 1024, 4MB 1024, 1GB 4
[    5.811819] Freeing SMP alternatives memory: 32K (ffffffff982ee000 - ffffffff982f6000)
[    5.892560] ftrace: allocating 33428 entries in 131 pages
[    6.005563] smpboot: APIC(0) Converting physical 0 to logical package 0
[    6.059545] smpboot: Max logical packages: 1
[    6.060357] x2apic enabled
[    6.083434] Switched APIC routing to physical x2apic.
[    6.091182] ..TIMER: vector=0x30 apic1=0 pin1=2 apic2=-1 pin2=-1
[    6.227230] smpboot: CPU0: Intel(R) Core(TM) i7-4770K CPU @ 3.50GHz (family: 0x6, model: 0x3c, stepping: 0x3)
[    6.236574] Performance Events: unsupported p6 CPU model 60 no PMU driver, software events only.
[    6.237826] KVM setup paravirtual spinlock
[    6.241864] x86: Booting SMP configuration:
[    6.302097] .... node  #0, CPUs:      #1
[    6.343195] kvm-clock: cpu 1, msr 2:1fff2041, secondary cpu clock
[    6.343784] mce: CPU supports 0 MCE banks
[    6.349199] x86: Booted up 1 node, 2 CPUs
[    6.349968] smpboot: Total of 2 processors activated (13995.94 BogoMIPS)
[    6.351426] devtmpfs: initialized
[    6.374934] x86/mm: Memory block size: 128MB
[    6.417199] evm: security.selinux
[    6.428394] evm: security.SMACK64
[    6.429137] evm: security.SMACK64EXEC
[    6.429923] evm: security.SMACK64TRANSMUTE
[    6.430835] evm: security.SMACK64MMAP
[    6.431644] evm: security.ima
[    6.432337] evm: security.capability
[    6.433306] clocksource: jiffies: mask: 0xffffffff max_cycles: 0xffffffff, max_idle_ns: 7645041785100000 ns
[    6.541691] pinctrl core: initialized pinctrl subsystem
[    6.553948] RTC time: 20:25:33, date: 05/02/17
[    6.596064] NET: Registered protocol family 16
[    6.616122] cpuidle: using governor ladder
[    6.647985] cpuidle: using governor menu
[    6.695543] PCCT header not found.
[    6.717167] ACPI: bus type PCI registered
[    6.718008] acpiphp: ACPI Hot Plug PCI Controller Driver version: 0.5
[    6.719283] PCI: Using configuration type 1 for base access
[    6.736370] HugeTLB registered 2 MB page size, pre-allocated 0 pages
[    6.795974] ACPI: Added _OSI(Module Device)
[    6.803248] ACPI: Added _OSI(Processor Device)
[    6.818082] ACPI: Added _OSI(3.0 _SCP Extensions)
[    6.865163] ACPI: Added _OSI(Processor Aggregator Device)
[    6.910566] ACPI: Executed 1 blocks of module-level executable AML code
[    6.929465] ACPI: Interpreter enabled
[    6.951410] ACPI: (supports S0 S5)
[    6.997928] ACPI: Using IOAPIC for interrupt routing
[    7.000473] PCI: Using host bridge windows from ACPI; if necessary, use "pci=nocrs" and report a bug
[    7.036364] ACPI: PCI Root Bridge [PCI0] (domain 0000 [bus 00-ff])
[    7.113635] acpi PNP0A03:00: _OSC: OS supports [ASPM ClockPM Segments MSI]
[    7.161952] acpi PNP0A03:00: _OSC failed (AE_NOT_FOUND); disabling ASPM
[    7.213925] acpi PNP0A03:00: fail to add MMCONFIG information, can't access extended PCI configuration space under this bridge.
[    7.248404] PCI host bridge to bus 0000:00
[    7.257938] pci_bus 0000:00: root bus resource [io  0x0000-0x0cf7 window]
[    7.321674] pci_bus 0000:00: root bus resource [io  0x0d00-0xffff window]
[    7.351045] pci_bus 0000:00: root bus resource [mem 0x000a0000-0x000bffff window]
[    7.404315] pci_bus 0000:00: root bus resource [mem 0xe0000000-0xffdfffff window]
[    7.437102] pci_bus 0000:00: root bus resource [bus 00-ff]
[    7.465432] pci 0000:00:01.1: legacy IDE quirk: reg 0x10: [io  0x01f0-0x01f7]
[    7.515965] pci 0000:00:01.1: legacy IDE quirk: reg 0x14: [io  0x03f6]
[    7.525517] pci 0000:00:01.1: legacy IDE quirk: reg 0x18: [io  0x0170-0x0177]
[    7.556044] pci 0000:00:01.1: legacy IDE quirk: reg 0x1c: [io  0x0376]
[    7.807745] pci 0000:00:07.0: quirk: [io  0x4000-0x403f] claimed by PIIX4 ACPI
[    7.879404] pci 0000:00:07.0: quirk: [io  0x4100-0x410f] claimed by PIIX4 SMB
[    8.028418] ACPI: PCI Interrupt Link [LNKA] (IRQs 5 9 10 *11)
[    8.066219] ACPI: PCI Interrupt Link [LNKB] (IRQs 5 9 10 *11)
[    8.068511] ACPI: PCI Interrupt Link [LNKC] (IRQs 5 9 *10 11)
[    8.084101] ACPI: PCI Interrupt Link [LNKD] (IRQs 5 *9 10 11)
[    8.105637] ACPI: Enabled 2 GPEs in block 00 to 07
[    8.186175] SCSI subsystem initialized
[    8.200819] vgaarb: setting as boot device: PCI:0000:00:02.0
[    8.256762] vgaarb: device added: PCI:0000:00:02.0,decodes=io+mem,owns=io+mem,locks=none
[    8.320506] vgaarb: loaded
[    8.341439] vgaarb: bridge control possible 0000:00:02.0
[    8.379554] ACPI: bus type USB registered
[    8.389690] usbcore: registered new interface driver usbfs
[    8.390394] usbcore: registered new interface driver hub
[    8.391091] usbcore: registered new device driver usb
[    8.410415] PCI: Using ACPI for IRQ routing
[    8.434718] NetLabel: Initializing
[    8.447640] NetLabel:  domain hash size = 128
[    8.451264] NetLabel:  protocols = UNLABELED CIPSOv4
[    8.496392] NetLabel:  unlabeled traffic allowed by default
[    8.530833] clocksource: Switched to clocksource kvm-clock
[    8.579587] VFS: Disk quotas dquot_6.6.0
[    8.628058] VFS: Dquot-cache hash table entries: 512 (order 0, 4096 bytes)
[    8.638166] AppArmor: AppArmor Filesystem Enabled
[    8.665685] pnp: PnP ACPI init
[    8.666741] pnp: PnP ACPI: found 3 devices
[    8.675570] clocksource: acpi_pm: mask: 0xffffff max_cycles: 0xffffff, max_idle_ns: 2085701024 ns
[    8.911273] NET: Registered protocol family 2
[    8.992345] TCP established hash table entries: 65536 (order: 7, 524288 bytes)
[    9.139762] TCP bind hash table entries: 65536 (order: 8, 1048576 bytes)
[    9.144312] TCP: Hash tables configured (established 65536 bind 65536)
[    9.145529] UDP hash table entries: 4096 (order: 5, 131072 bytes)
[    9.146667] UDP-Lite hash table entries: 4096 (order: 5, 131072 bytes)
[    9.147850] NET: Registered protocol family 1
[    9.152150] pci 0000:00:00.0: Limiting direct PCI/PCI transfers
[    9.300947] pci 0000:00:01.0: Activating ISA DMA hang workarounds
[    9.483523] pci 0000:00:02.0: Video device with shadowed ROM at [mem 0x000c0000-0x000dffff]
[    9.731379] Unpacking initramfs...
[   11.443815] Freeing initrd memory: 11484K (ffff95de76982000 - ffff95de774b9000)
[   11.451085] PCI-DMA: Using software bounce buffering for IO (SWIOTLB)
[   11.466478] software IO TLB [mem 0xdbff0000-0xdfff0000] (64MB) mapped at [ffff95df1bff0000-ffff95df1ffeffff]
[   11.482132] platform rtc_cmos: registered platform RTC device (no PNP device found)
[   11.515933] Scanning for low memory corruption every 60 seconds
[   11.516952] futex hash table entries: 512 (order: 3, 32768 bytes)
[   11.562585] audit: initializing netlink subsys (disabled)
[   11.628660] audit: type=2000 audit(1493756738.051:1): initialized
[   11.652618] Initialise system trusted keyrings
[   11.683845] workingset: timestamp_bits=40 max_order=21 bucket_order=0
[   11.787194] zbud: loaded
[   11.840330] squashfs: version 4.0 (2009/01/31) Phillip Lougher
[   12.004012] fuse init (API version 7.25)
[   12.061661] Allocating IMA blacklist keyring.
[   12.121366] Key type asymmetric registered
[   12.162546] Asymmetric key parser 'x509' registered
[   12.189029] Block layer SCSI generic (bsg) driver version 0.4 loaded (major 248)
[   12.209521] io scheduler noop registered
[   12.230357] io scheduler deadline registered (default)
[   12.242774] io scheduler cfq registered
[   12.243426] pci_hotplug: PCI Hot Plug PCI Core version: 0.5
[   12.244143] pciehp: PCI Express Hot Plug Controller Driver version: 0.4
[   12.247005] ACPI: AC Adapter [AC] (on-line)
[   12.253507] input: Power Button as /devices/LNXSYSTM:00/LNXPWRBN:00/input/input0
[   12.296281] ACPI: Power Button [PWRF]
[   12.296973] input: Sleep Button as /devices/LNXSYSTM:00/LNXSLPBN:00/input/input1
[   12.344789] ACPI: Sleep Button [SLPF]
[   12.376665] GHES: HEST is not enabled!
[   12.439166] Serial: 8250/16550 driver, 32 ports, IRQ sharing enabled
[   12.483024] tsc: Refined TSC clocksource calibration: 3497.141 MHz
[   12.483029] clocksource: tsc: mask: 0xffffffffffffffff max_cycles: 0x3268c499cbd, max_idle_ns: 440795386280 ns
[   12.749732] 00:02: ttyS0 at I/O 0x3f8 (irq = 4, base_baud = 115200) is a 16550A
[   12.803682] Linux agpgart interface v0.103
[   12.812394] loop: module loaded
[   12.891480] scsi host0: ata_piix
[   12.968652] scsi host1: ata_piix
[   13.027557] ata1: PATA max UDMA/33 cmd 0x1f0 ctl 0x3f6 bmdma 0xd000 irq 14
[   13.104241] ata2: PATA max UDMA/33 cmd 0x170 ctl 0x376 bmdma 0xd008 irq 15
[   13.218769] libphy: Fixed MDIO Bus: probed
[   13.235119] tun: Universal TUN/TAP device driver, 1.6
[   13.248627] tun: (C) 1999-2004 Max Krasnyansky <maxk@qualcomm.com>
[   13.249459] PPP generic driver version 2.4.2
[   13.250093] ehci_hcd: USB 2.0 'Enhanced' Host Controller (EHCI) Driver
[   13.325605] ehci-pci: EHCI PCI platform driver
[   13.406521] ehci-platform: EHCI generic platform driver
[   13.408594] ohci_hcd: USB 1.1 'Open' Host Controller (OHCI) Driver
[   13.410613] ohci-pci: OHCI PCI platform driver
[   13.411257] ohci-platform: OHCI generic platform driver
[   13.411967] uhci_hcd: USB Universal Host Controller Interface driver
[   13.517872] i8042: PNP: PS/2 Controller [PNP0303:PS2K,PNP0f03:PS2M] at 0x60,0x64 irq 1,12
[   13.638064] serio: i8042 KBD port at 0x60,0x64 irq 1
[   13.644725] serio: i8042 AUX port at 0x60,0x64 irq 12
[   13.645490] mousedev: PS/2 mouse device common for all mice
[   13.721503] rtc_cmos rtc_cmos: rtc core: registered rtc_cmos as rtc0
[   13.818236] input: AT Translated Set 2 keyboard as /devices/platform/i8042/serio0/input/input2
[   13.827376] rtc_cmos rtc_cmos: alarms up to one day, 114 bytes nvram
[   13.827389] i2c /dev entries driver
[   13.827438] device-mapper: uevent: version 1.0.3
[   13.875306] device-mapper: ioctl: 4.35.0-ioctl (2016-06-23) initialised: dm-devel@redhat.com
[   13.880268] ledtrig-cpu: registered to indicate activity on CPUs
[   14.021639] NET: Registered protocol family 10
[   14.107419] NET: Registered protocol family 17
[   14.187340] Key type dns_resolver registered
[   14.264554] microcode: sig=0x306c3, pf=0x40, revision=0x0
[   14.327876] microcode: Microcode Update Driver: v2.01 <tigran@aivazian.fsnet.co.uk>, Peter Oruba
[   14.527885] registered taskstats version 1
[   14.631120] Loading compiled-in X.509 certificates
[   14.773871] Loaded X.509 cert 'Build time autogenerated kernel key: ed2ad6760e14855493b8d26e797bcffb6b7549f9'
[   14.795798] zswap: loaded using pool lzo/zbud
[   14.804879] Key type big_key registered
[   14.874149] Key type trusted registered
[   14.974866] Key type encrypted registered
[   15.017373] AppArmor: AppArmor sha1 policy hashing enabled
[   15.081344] ima: No TPM chip found, activating TPM-bypass!
[   15.203045] evm: HMAC attrs: 0x1
[   15.252348]   Magic number: 1:639:446
[   15.323788] rtc_cmos rtc_cmos: setting system clock to 2017-05-02 20:25:42 UTC (1493756742)
[   15.408296] BIOS EDD facility v0.16 2004-Jun-25, 0 devices found
[   15.495368] EDD information not available.
[   15.561972] Freeing unused kernel memory: 1552K (ffffffff9816a000 - ffffffff982ee000)
[   15.706629] Write protecting the kernel read-only data: 14336k
[   15.794151] Freeing unused kernel memory: 1376K (ffff95e04cea8000 - ffff95e04d000000)
[   15.837313] Freeing unused kernel memory: 268K (ffff95e04d3bd000 - ffff95e04d400000)
[   15.848885] x86/mm: Checked W+X mappings: passed, no W+X pages found.
Loading, please wait...
starting version[   15.872377] random: systemd-udevd: uninitialized urandom read (16 bytes read)
 231
[   15.940673] random: udevadm: uninitialized urandom read (16 bytes read)
[   15.940699] random: udevadm: uninitialized urandom read (16 bytes read)
[   15.941206] random: udevadm: uninitialized urandom read (16 bytes read)
[   15.941250] random: udevadm: uninitialized urandom read (16 bytes read)
[   15.941259] random: udevadm: uninitialized urandom read (16 bytes read)
[   15.941414] random: udevadm: uninitialized urandom read (16 bytes read)
[   15.941451] random: udevadm: uninitialized urandom read (16 bytes read)
[   15.941486] random: udevadm: uninitialized urandom read (16 bytes read)
[   15.941523] random: udevadm: uninitialized urandom read (16 bytes read)
[   16.706793] e1000: Intel(R) PRO/1000 Network Driver - version 7.3.21-k8-NAPI
[   16.713545] e1000: Copyright (c) 1999-2006 Intel Corporation.
[   16.721769] Fusion MPT base driver 3.04.20
[   16.778639] Copyright (c) 1999-2008 LSI Corporation
[   16.783728] Fusion MPT SPI Host driver 3.04.20
[   16.797935] AVX version of gcm_enc/dec engaged.
[   16.865412] AES CTR mode by8 optimization enabled
[   16.987855] input: ImExPS/2 Generic Explorer Mouse as /devices/platform/i8042/serio1/input/input4
[   17.227679] e1000 0000:00:03.0 eth0: (PCI:33MHz:32-bit) 02:72:3d:3d:7d:a1
[   17.315176] e1000 0000:00:03.0 eth0: Intel(R) PRO/1000 Network Connection
[   17.399796] mptbase: ioc0: Initiating bringup
[   17.469048] e1000 0000:00:03.0 enp0s3: renamed from eth0
[   17.571615] ioc0: LSI53C1030 A0: Capabilities={Initiator}
[   17.958308] scsi host2: ioc0: LSI53C1030 A0, FwRev=00000000h, Ports=1, MaxQ=256, IRQ=20
[   18.327719] scsi 2:0:0:0: Direct-Access     VBOX     HARDDISK         1.0  PQ: 0 ANSI: 5
[   18.554672] scsi target2:0:0: Beginning Domain Validation
[   18.695789] scsi target2:0:0: Domain Validation skipping write tests
[   18.847168] scsi target2:0:0: Ending Domain Validation
[   18.939780] scsi target2:0:0: asynchronous
[   19.023468] scsi 2:0:1:0: Direct-Access     VBOX     HARDDISK         1.0  PQ: 0 ANSI: 5
[   19.163863] scsi target2:0:1: Beginning Domain Validation
[   19.257251] scsi target2:0:1: Domain Validation skipping write tests
[   19.259065] scsi target2:0:1: Ending Domain Validation
[   19.338501] scsi target2:0:1: asynchronous
[   19.505961] random: fast init done
[   19.557913] sd 2:0:0:0: [sda] 20971520 512-byte logical blocks: (10.7 GB/10.0 GiB)
[   19.557993] sd 2:0:0:0: Attached scsi generic sg0 type 0
[   19.565992] sd 2:0:1:0: [sdb] 20480 512-byte logical blocks: (10.5 MB/10.0 MiB)
[   19.566308] sd 2:0:1:0: [sdb] Write Protect is off
[   19.566526] sd 2:0:1:0: [sdb] Incomplete mode parameter data
[   19.566527] sd 2:0:1:0: [sdb] Assuming drive cache: write through
[   19.567303] sd 2:0:1:0: Attached scsi generic sg1 type 0
[   19.595167] sd 2:0:1:0: [sdb] Attached SCSI disk
[   19.853331] sd 2:0:0:0: [sda] Write Protect is off
[   19.933480] sd 2:0:0:0: [sda] Incomplete mode parameter data
[   20.003293] sd 2:0:0:0: [sda] Assuming drive cache: write through
[   20.034431]  sda: sda1
[   20.104946] floppy0: no floppy controllers found
[   20.216347] sd 2:0:0:0: [sda] Attached SCSI disk
Begin: Loading e[   21.663008] md: linear personality registered for level -1
ssential drivers[   21.760542] md: multipath personality registered for level -4
 ... [   21.841080] md: raid0 personality registered for level 0
[   21.846878] md: raid1 personality registered for level 1
[   21.991051] raid6: sse2x1   gen() 11415 MB/s
[   22.086957] raid6: sse2x1   xor()  8651 MB/s
[   22.239187] raid6: sse2x2   gen() 14478 MB/s
[   22.362849] raid6: sse2x2   xor()  9568 MB/s
[   22.503025] raid6: sse2x4   gen() 16524 MB/s
[   22.635348] raid6: sse2x4   xor() 11263 MB/s
[   22.689238] raid6: using algorithm sse2x4 gen() 16524 MB/s
[   22.762621] raid6: .... xor() 11263 MB/s, rmw enabled
[   22.834516] raid6: using ssse3x2 recovery algorithm
[   22.883879] xor: automatically using best checksumming function: avx
[   22.916750] async_tx: api initialized (async)
[   22.953978] md: raid6 personality registered for level 6
[   22.979760] md: raid5 personality registered for level 5
[   22.980532] md: raid4 personality registered for level 4
[   23.085008] md: raid10 personality registered for level 10
done.
Begin: Running /scripts/init-premount ... done.
Begin: Mounting root file system ... Begin: Running /scripts/local-top ... done.
Begin: Running /scripts/local-premount ... [   23.158013] Btrfs loaded, crc32c=crc32c-intel
Scanning for Btrfs filesystems
done.
Warning: fsck not present, so skipping root file system
[   23.302041] EXT4-fs (sda1): mounted filesystem with ordered data mode. Opts: (null)
done.
Begin: Running /scripts/local-bottom ... done.
Begin: Running /scripts/init-bottom ... /scripts/init-bottom/plymouth: line 18: /bin/plymouth: not found
done.
[   24.273573] ip_tables: (C) 2000-2006 Netfilter Core Team
[   24.367692] systemd[1]: systemd 231 running in system mode. (+PAM +AUDIT +SELINUX +IMA +APPARMOR +SMACK +SYSVINIT +UTMP +LIBCRYPTSETUP +GCRYPT +GNUTLS +ACL +XZ -LZ4 +SECCOMP +BLKID +ELFUTILS +KMOD +IDN)
[   24.805586] systemd[1]: Detected virtualization oracle.
[   24.901029] systemd[1]: Detected architecture x86-64.

Welcome to [1mUbuntu 16.10[0m!

[   25.092162] systemd[1]: Set hostname to <ubuntu>.
[   25.253590] systemd[1]: Initializing machine ID from random generator.
[   25.432562] systemd[1]: Installed transient /etc/machine-id file.
[   25.723283] random: crng init done
[   26.403443] systemd[1]: Reached target Encrypted Volumes.
[[0;32m  OK  [0m] Reached target Encrypted Volumes.
[   26.576053] systemd[1]: Listening on Device-mapper event daemon FIFOs.
[[0;32m  OK  [0m] Listening on Device-mapper event daemon FIFOs.
[   26.580680] systemd[1]: Set up automount Arbitrary Executable File Formats File System Automount Point.
[[0;32m  OK  [0m] Set up automount Arbitrary Executab...ats File System Automount Point.
[   26.817416] systemd[1]: Reached target Swap.
[[0;32m  OK  [0m] Reached target Swap.
[[0;32m  OK  [0m] Started Forward Password Requests to Wall Directory Watch.
[[0;32m  OK  [0m] Listening on LVM2 poll daemon socket.
[[0;32m  OK  [0m] Listening on Journal Socket.
[[0;32m  OK  [0m] Created slice User and Session Slice.
[[0;32m  OK  [0m] Listening on Syslog Socket.
[[0;32m  OK  [0m] Listening on udev Control Socket.
[[0;32m  OK  [0m] Reached target User and Group Name Lookups.
[[0;32m  OK  [0m] Listening on Journal Socket (/dev/log).
[[0;32m  OK  [0m] Listening on Journal Audit Socket.
[[0;32m  OK  [0m] Listening on LVM2 metadata daemon socket.
[[0;32m  OK  [0m] Listening on /dev/initctl Compatibility Named Pipe.
[[0;32m  OK  [0m] Created slice System Slice.
         Starting Remount Root and Kernel File Systems...
[   27.310940] EXT4-fs (sda1): re-mounted. Opts: (null)
         Starting Uncomplicated firewall...
         Starting Monitoring of LVM2 mirrors... dmeventd or progress polling...
         Starting Create list of required st... nodes for the current kernel...
         Starting Journal Service...
         Starting Nameserver information manager...
         Starting Load Kernel Modules...
         Mountin[   27.873135] Loading iSCSI transport class v2.0-870.
g Huge Pages File System...
[   28.029090] iscsi: registered transport (tcp)
         Starting Set the console keyboard layout...
[[0;32m  OK  [0m] Reached target Slices.
[[0;32m  OK  [0m] Created slice system-serial\x2dgetty.slice.
         Mounting Debug File System...
[[0;32m  OK  [0m] Listening on udev Kernel Socket.
         Mounting POSIX Message Queue File System...
[   28.329682] iscsi: registered transport (iser)
[[0;32m  OK  [0m] Mounted Huge Pages File System.
[[0;32m  OK  [0m] Mounted Debug File System.
[[0;32m  OK  [0m] Mounted POSIX Message Queue File System.
[[0;32m  OK  [0m] Started Journal Service.
[[0;32m  OK  [0m] Started Remount Root and Kernel File Systems.
[[0;32m  OK  [0m] Started Uncomplicated firewall.
[[0;32m  OK  [0m] Started Create list of required sta...ce nodes for the current kernel.
[[0;32m  OK  [0m] Started Load Kernel Modules.
[[0;32m  OK  [0m] Started Nameserver information manager.
[[0;32m  OK  [0m] Started LVM2 metadata daemon.
         Mounting Configuration File System...
         Mounting FUSE Control File System...
         Starting Apply Kernel Variables...
         Starting Create Static Device Nodes in /dev...
         Starting Load/Save Random Seed...
         Starting udev Coldplug all Devices...
         Starting Initial cloud-init job (pre-networking)...
         Starting Flush Journal to Persistent Storage...
[[0;32m  OK  [0m] Mounted FUSE Control File System.
[[0;32m  OK  [0m] Mounted Configuration File System.
[[0;32m  OK  [0m] Started Monitoring of LVM2 mirrors,...ng dmeventd or progress polling.
[[0;32m  OK  [0m] Started Apply Kernel Variables.
[[0;32m  OK  [0m] Started Create Static Device Nodes in /dev.
[[0;32m  OK  [0m] Started Load/Save Random Seed.
         Starting udev Kernel Device Manager...
[[0;32m  OK  [0m] Started udev Coldplug all Devices.
[[0;32m  OK  [0m] Started Flush Journal to Persistent Storage.
[[0;32m  OK  [0m] Started udev Kernel Device Manager.
[[0;32m  OK  [0m] Found device /dev/ttyS0.
[[0;32m  OK  [0m] Started Set the console keyboard layout.
[[0;32m  OK  [0m] Started Dispatch Password Requests to Console Directory Watch.
[[0;32m  OK  [0m] Reached target Local File Systems (Pre).
[[0;32m  OK  [0m] Reached target Local File Systems.
         Starting Tell Plymouth To Write Out Runtime Data...
         Starting Create Volatile Files and Directories...
         Starting ebtables ruleset management...
         Starting Set console font and keymap...
         Starting Commit a transient machine-id on disk...
         Starting AppArmor initialization...
[[0;32m  OK  [0m] Started Tell Plymouth To Write Out Runtime Data.
[[0;32m  OK  [0m] Started Create Volatile Files and Directories.
[[0;32m  OK  [0m] Started Set console font and keymap.
[[0;32m  OK  [0m] Started Commit a transient machine-id on disk.
[[0;32m  OK  [0m] Listening on Load/Save RF Kill Switch Status /dev/rfkill Watch.
[[0;32m  OK  [0m] Reached target System Time Synchronized.
         Starting Update UTMP about System Boot/Shutdown...
[[0;32m  OK  [0m] Started ebtables ruleset management.
[[0;32m  OK  [0m] Started Update UTMP about System Boot/Shutdown.
[[0;32m  OK  [0m] Started AppArmor initialization.
[   27.703268] cloud-init[489]: Cloud-init v. 0.7.9 running 'init-local' at Tue, 02 May 2017 20:26:02 +0000. Up 27.36 seconds.
[[0;32m  OK  [0m] Started Initial cloud-init job (pre-networking).
[[0;32m  OK  [0m] Reached target Network (Pre).
         Starting Raise network interfaces...
[[0;32m  OK  [0m] Started Raise network interfaces.
[[0;32m  OK  [0m] Reached target Network.
         Starting Initial cloud-init job (metadata service crawler)...
[   31.163439] cloud-init[1039]: Cloud-init v. 0.7.9 running 'init' at Tue, 02 May 2017 20:26:03 +0000. Up 28.87 seconds.
[   31.293655] cloud-init[1039]: ci-info: +++++++++++++++++++++++++++++Net device info++++++++++++++++++++++++++++++
[[0;32m  OK  [0m] Started Initial cloud-init job (metadata service crawler).
[[0;32m  OK  [0m] Reached target Cloud-config availability.
[[0;32m  OK  [0m] Reached target System Initialization.
[   31.397747] cloud-init[1039]: ci-info: +---------+------+-----------+---------------+-------+-------------------+
[   31.689589] cloud-init[1039]: ci-info: |  Device |  Up  |  Address  |      Mask     | Scope |     Hw-Address    |
[   31.800608] cloud-init[1039]: ci-info: +---------+------+-----------+---------------+-------+-------------------+
[[0;32m  OK  [0m] Started ACPI Events Check.
[[0;32m  OK  [0m] Reached target Paths.
[[0;32m  OK  [0m] Started Timer to automatically refresh installed snaps.
         Starting Socket activation for snappy daemon.
[[0;32m  OK  [0m] Listening on UUID daemon activation socket.
[   31.892714] cloud-init[1039]: ci-info: | enp0s3: | True | 10.0.2.15 | 255.255.255.0 |   .   | 02:72:3d:3d:7d:a1 |
[   32.301053] [cloud-init[0;32m  OK  [0m[1039]: ] ci-info: | enp0s3: | True |     .     |       .       |   d   | 02:72:3d:3d:7d:a1 |Started Daily apt activities.

[   32.469642]          cloud-initStarting LXD - unix socket.[1039]: 
ci-info: |   lo:   | True | 127.0.0.1 |   255.0.0.0   |   .   |         .         |
[   32.609029] [cloud-init[0;32m  OK  [0m[1039]: ] ci-info: |   lo:   | True |     .     |       .       |   d   |         .         |Listening on D-Bus System Message Bus Socket.

[[0;32m  OK  [0m] Started Daily Cleanup of Temporary Directories.
[[0;32m  OK  [0m] Reached target Timers.
[   32.610496] cloud-init[1039]: ci-info: +---------+------+-----------+---------------+-------+-------------------+
[   32.977729] [cloud-init[0;32m  OK  [0m[1039]: ] ci-info: +++++++++++++++++++++++++++Route IPv4 info++++++++++++++++++++++++++++Listening on ACPID Listen Socket.

[[0;32m  OK  [0m] Listening on Socket activation for snappy daemon.
[[0;32m  OK  [0m] Listening on LXD - unix socket.
[   32.979286] cloud-init[1039]: ci-info: +-------+-------------+----------+---------------+-----------+-------+
[[0;32m  OK  [0m] Reached target Sockets.
[[0;32m  OK  [0m] Reached target Basic System.
[   33.336785] cloud-init[1039]: ci-info: | Route | Destination | Gateway  |    Genmask    | Interface | Flags |
[   33.505204] [cloud-init[0;32m  OK  [0m[1039]: ] ci-info: +-------+-------------+----------+---------------+-----------+-------+Started FUSE filesystem for LXC.

[   33.506750] cloud-init[1039]: ci-info: |   0   |   0.0.0.0   | 10.0.2.2 |    0.0.0.0    |   enp0s3  |   UG  |
[   33.729614]          cloud-initStarting LSB: Record successful boot for GRUB...[1039]: 
ci-info: |   1   |   10.0.2.0  | 0.0.0.0  | 255.255.255.0 |   enp0s3  |   U   |
[   33.857603]          cloud-initStarting Accounts Service...[1039]: 
ci-info: +-------+-------------+----------+---------------+-----------+-------+
[   33.956787]          Starting LXD - container startup/shutdown...
cloud-init[1039]: Generating public/private rsa key pair.
[   33.966106] cloud-init[1039]: Your identification has been saved in /etc/ssh/ssh_host_rsa_key.
[   34.036717]          cloud-initStarting Login Service...[1039]: 
Your public key has been saved in /etc/ssh/ssh_host_rsa_key.pub.
[   34.132673] [cloud-init[0;32m  OK  [0m[1039]: ] The key fingerprint is:Started Deferred execution scheduler.

[   34.133489] cloud-init[1039]: SHA256:GSG3ec6iVMfdkL8C4f3jXpQxSeJHrmTJNbz84l1kIjE root@ubuntu-yakkety
[   34.270106]          cloud-initStarting Network Name Resolution...[1039]: 
The key's randomart image is:
[   34.360591]          cloud-initStarting System Logging Service...[1039]: 
+---[RSA 2048]----+
[   34.425446] cloud-init[1039]: |      . o   .o.= |
[   34.464849] [cloud-init[0;32m  OK  [0m[1039]: ] |       o =..EoB.o|Started ACPI event daemon.

[   34.532641] [cloud-init[0;32m  OK  [0m[1039]: ] |        =.+o.Xo*.|Started Regular background program processing daemon.

[   34.533498] cloud-init[1039]: |       . Bo = =o*|
[   34.652975] [cloud-init[0;32m  OK  [0m[1039]: ] |      . S o. + *o|Started D-Bus System Message Bus.

[   34.722318] cloud-init[1039]: |     . . .  . =.o|
[   34.761186] cloud-init[1039]: |      .      + +o|
[   34.832912] cloud-init[1039]: |              o..|
[   34.861404] cloud-init[1039]: |             ..  |
[   34.916988] cloud-init[1039]: +----[SHA256]-----+
[   34.932101] cloud-init[1039]: Generating public/private dsa key pair.
[   35.004937] cloud-init[1039]: Your identification has been saved in /etc/ssh/ssh_host_dsa_key.
[   35.085712] cloud-init[1039]: Your public key has been saved in /etc/ssh/ssh_host_dsa_key.pub.
[   35.119802] cloud-init[1039]: The key fingerprint is:
[   35.121014] cloud-init[1039]: SHA256:Vit8YzDUZ4w4817fXFW1KjGP7u7ihH+/O+0ZmeTMWP4 root@ubuntu-yakkety
[   35.148506] cloud-init[1039]: The key's randomart image is:
[   35.198581] cloud-init[1039]: +---[DSA 1024]----+
[   35.237257] cloud-init[1039]: |        .o o    =|
[   35.286190] cloud-init[1039]: |       .+ o +   o|
[   35.294046] cloud-init[1039]: |        o+.=   ..|
[   35.296158] cloud-init[1039]: |       . +..* . .|
[   35.302755] cloud-init[1039]: |        S.=+ + =.|
[   35.320369] cloud-init[1039]: |       ..+o.. X =|
[   35.330757] cloud-init[1039]: |       . . . ..O |
[   35.342320] cloud-init[1039]: |        o... . .+|
[   35.356374] cloud-init[1039]: |        .o=+.+=oE|
[   35.392537] [cloud-init[0;32m  OK  [0m[1039]: ] +----[SHA256]-----+Started Snappy daemon.

[   35.436229]          cloud-initStarting Auto import assertions from block devices...[1039]: 
Generating public/private ecdsa key pair.
[   35.557027] [cloud-init[0;32m  OK  [0m[1039]: ] Your identification has been saved in /etc/ssh/ssh_host_ecdsa_key.Started System Logging Service.

[   35.557692] cloud-init[1039]: Your public key has been saved in /etc/ssh/ssh_host_ecdsa_key.pub.
[   35.772633] [cloud-init[0;32m  OK  [0m[1039]: ] The key fingerprint is:Started Auto import assertions from block devices.

[[0;32m  OK  [0m] Started Login Service.
[   35.801488] cloud-init[1039]: [SHA256:Nr+rwrPBWrUU7RvEjYlWZU3asMsnzkYWdsaCrSPFlwc root@ubuntu-yakkety[0;32m  OK  [0m
] Started Network Name Resolution.
[[0;32m  OK  [0m] Reached target Network is Online.
[   35.907856] cloud-init[1039]: The key's randomart image is:
[   35.908441] cloud-init[1039]: +---[ECDSA 256]---+
[   35.988557]          cloud-initStarting Apply the settings specified in cloud-config...[1039]: 
|          ..Eo.  |
[   36.052668]          cloud-initStarting iSCSI initiator daemon (iscsid)...[1039]: 
|         * B O.  |
[   36.080238] cloud-init[1039]: |        + X @ *  |
[   36.128235]          cloud-initStarting Pollinate to seed the pseudo random number generator...[1039]: 
|       . = = B   |
[   36.156921] cloud-init[1039]: |        S = * .  |
[   36.160659] cloud-init[1039]: |     . + = O o   |
[   36.179579] cloud-init[1039]: |     .+ . o +    |
[   36.180531] cloud-init[1039]: |     o+.   o     |
[   36.183089] cloud-init[1039]: |    . .+..o.     |
         Starting Authenticate and Authorize Users to Run Privileged Tasks...
[   36.193135] cloud-init[1039]: +----[SHA256]-----+
[   36.213702] [[0;32m  OK  [0m] Started LSB: Record successful boot for GRUB.
cloud-init[1039]: Generating public/private ed25519 key pair.
[   36.240888] cloud-init[1039]: Your identification has been saved in /etc/ssh/ssh_host_ed25519_key.
[   36.288299] cloud-init[1039]: Your public key has been saved in /etc/ssh/ssh_host_ed25519_key.pub.
[   36.360474] cloud-init[1039]: The key fingerprint is:
[   36.397549] cloud-init[1039]: SHA256:Kr8grQV9d1JW5XthKrc4BQQlkHcbkIXUpNX82YQHwZQ root@ubuntu-yakkety
[   36.435169] cloud-init[1039]: The key's randomart image is:
[   36.502022] [cloud-init[0;32m  OK  [0m[1039]: ] +--[ED25519 256]--+Started iSCSI initiator daemon (iscsid).

[   36.502650] cloud-init[1039]: |       .+=X*++== |
[   36.628356]          cloud-initStarting Login to default iSCSI targets...[1039]: 
|       . +== +E o|
[   36.690951] cloud-init[1039]: |        ..+.o o=o|
[   36.692437] cloud-init[1039]: |   .     o .. o+o|
[   36.693898] cloud-init[1039]: |  . . . S .. +. .|
[   36.695258] cloud-init[1039]: |   o . o o  = .. |
[   36.737039] cloud-init[1039]: |  . = .    o .   |
[   36.781211] cloud-init[1039]: |   + +      .    |
[   36.841762] cloud-init[1039]: |  .   o.         |
[   36.877457] cloud-init[1039]: +----[SHA256]-----+
[[0;32m  OK  [0m] Started Authenticate and Authorize Users to Run Privileged Tasks.
[[0;32m  OK  [0m] Started Accounts Service.
[[0;32m  OK  [0m] Started Login to default iSCSI targets.
[[0;32m  OK  [0m] Reached target Remote File Systems (Pre).
[[0;32m  OK  [0m] Reached target Remote File Systems.
[   37.296703] cloud-init[1371]: Generating locales (this might take a while)...
         Starting LSB: automatic crash report generation...
         Starting Permit User Sessions...
         Starting LSB: daemon to balance interrupts for SMP systems...
         Starting LSB: VirtualBox Linux Additions...
[[0;32m  OK  [0m] Started Permit User Sessions.
         Starting Terminate Plymouth Boot Screen...
         Starting Hold until boot process finishes up...
[[0;32m  OK  [0m] Started Terminate Plymouth Boot Screen.
[[0;32m  OK  [0m] Started Hold until boot process finishes up.
         Starting Set console scheme...
[[0;32m  OK  [0m] Started Serial Getty on ttyS0.
[[0;32m  OK  [0m] Started Set console scheme.
[[0;32m  OK  [0m] Created slice system-getty.slice.
[[0;32m  OK  [0m] Started Getty on tty1.
[[0;32m  OK  [0m] Reached target Login Prompts.
[[0;32m  OK  [0m] Started LSB: automatic crash report generation.
[[0;32m  OK  [0m] Started LSB: daemon to balance interrupts for SMP systems.
[[0;32m  OK  [0m] Started LSB: VirtualBox Linux Additions.
[   40.872595] cloud-init[1371]:   en_US.UTF-8... done
[   40.912547] cloud-init[1371]: Generation complete.
         Starting OpenBSD Secure Shell server...
[[0;32m  OK  [0m] Started Pollinate to seed the pseudo random number generator.
[[0;32m  OK  [0m] Started OpenBSD Secure Shell server.

Ubuntu 16.10 ubuntu-yakkety ttyS0

ubuntu-yakkety login: [   47.185088] cloud-init[1371]: Cloud-init v. 0.7.9 running 'modules:config' at Tue, 02 May 2017 20:26:11 +0000. Up 36.20 seconds.
ci-info: no authorized ssh keys fingerprints found for user ubuntu.
<14>May  2 20:26:22 ec2: 
<14>May  2 20:26:22 ec2: #############################################################
<14>May  2 20:26:22 ec2: -----BEGIN SSH HOST KEY FINGERPRINTS-----
<14>May  2 20:26:22 ec2: 1024 SHA256:Vit8YzDUZ4w4817fXFW1KjGP7u7ihH+/O+0ZmeTMWP4 root@ubuntu-yakkety (DSA)
<14>May  2 20:26:22 ec2: 256 SHA256:Nr+rwrPBWrUU7RvEjYlWZU3asMsnzkYWdsaCrSPFlwc root@ubuntu-yakkety (ECDSA)
<14>May  2 20:26:22 ec2: 256 SHA256:Kr8grQV9d1JW5XthKrc4BQQlkHcbkIXUpNX82YQHwZQ root@ubuntu-yakkety (ED25519)
<14>May  2 20:26:22 ec2: 2048 SHA256:GSG3ec6iVMfdkL8C4f3jXpQxSeJHrmTJNbz84l1kIjE root@ubuntu-yakkety (RSA)
<14>May  2 20:26:22 ec2: -----END SSH HOST KEY FINGERPRINTS-----
<14>May  2 20:26:22 ec2: #############################################################
-----BEGIN SSH HOST KEY KEYS-----
ecdsa-sha2-nistp256 AAAAE2VjZHNhLXNoYTItbmlzdHAyNTYAAAAIbmlzdHAyNTYAAABBBK+U85EtdPxaCs8CWStdRlkGMY3zfRAyGu/k+2rmM1Fsc1OtTCOZ1bcWaIWw5gL2WzUxkJ3k8ZUaGVKWZBsX4XU= root@ubuntu-yakkety
ssh-ed25519 AAAAC3NzaC1lZDI1NTE5AAAAIIdD4ku7Cy80RMPl1yJx7WrUGbZ/DbqeOSYiH0vvzBoQ root@ubuntu-yakkety
ssh-rsa AAAAB3NzaC1yc2EAAAADAQABAAABAQDag/S3OEm+XtkywgqHSvnP7guJTiqHc7MY0dWBMU41Y0fb2c0pNgSVJM0mhcg3Wz46CiV2IKYhaUhmGENpRKk8h9cZYNiPLEGintUI8BZVOvW67rYqSOr9MNWLtqErX9Jk/9ev4h2bFCPxaTaNtCbtTT9AbK2NNd7jRGxpuRGUYR1G+JUp+ZBkLra3Oe/Jqbfn0AbdCzCWei2gcveXsk+vtUUr/RKvEwFAYu02lFtb+uDnRlfYerrz7L8BxmQDvq29qXYw1eezqMjIx47pf8VSFF35Rbe5CkcXqsnIIkLDu4N0e2Llis/gOQN8tt32W1HS5oZyM+c9Wl7BS2TFnRcR root@ubuntu-yakkety
-----END SSH HOST KEY KEYS-----
[   48.033592] cloud-init[1899]: Cloud-init v. 0.7.9 running 'modules:final' at Tue, 02 May 2017 20:26:22 +0000. Up 47.63 seconds.
[   48.033749] cloud-init[1899]: ci-info: no authorized ssh keys fingerprints found for user ubuntu.
[   48.033896] cloud-init[1899]: Cloud-init v. 0.7.9 finished at Tue, 02 May 2017 20:26:22 +0000. Datasource DataSourceNoCloud [seed=/dev/sdb][dsmode=net].  Up 48.02 seconds
