[    0.000000] Initializing cgroup subsys cpuset
[    0.000000] Initializing cgroup subsys cpu
[    0.000000] Initializing cgroup subsys cpuacct
[    0.000000] Linux version 4.4.0-75-generic (buildd@lgw01-21) (gcc version 5.4.0 20160609 (Ubuntu 5.4.0-6ubuntu1~16.04.4) ) #96-Ubuntu SMP Thu Apr 20 09:56:33 UTC 2017 (Ubuntu 4.4.0-75.96-generic 4.4.59)
[    0.000000] Command line: BOOT_IMAGE=/boot/vmlinuz-4.4.0-75-generic root=LABEL=cloudimg-rootfs ro console=tty1 console=ttyS0
[    0.000000] KERNEL supported cpus:
[    0.000000]   Intel GenuineIntel
[    0.000000]   AMD AuthenticAMD
[    0.000000]   Centaur CentaurHauls
[    0.000000] x86/fpu: xstate_offset[2]:  576, xstate_sizes[2]:  256
[    0.000000] x86/fpu: Supporting XSAVE feature 0x01: 'x87 floating point registers'
[    0.000000] x86/fpu: Supporting XSAVE feature 0x02: 'SSE registers'
[    0.000000] x86/fpu: Supporting XSAVE feature 0x04: 'AVX registers'
[    0.000000] x86/fpu: Enabled xstate features 0x7, context size is 832 bytes, using 'standard' format.
[    0.000000] x86/fpu: Using 'lazy' FPU context switches.
[    0.000000] e820: BIOS-provided physical RAM map:
[    0.000000] BIOS-e820: [mem 0x0000000000000000-0x000000000009fbff] usable
[    0.000000] BIOS-e820: [mem 0x000000000009fc00-0x000000000009ffff] reserved
[    0.000000] BIOS-e820: [mem 0x00000000000f0000-0x00000000000fffff] reserved
[    0.000000] BIOS-e820: [mem 0x0000000000100000-0x00000000dffeffff] usable
[    0.000000] BIOS-e820: [mem 0x00000000dfff0000-0x00000000dfffffff] ACPI data
[    0.000000] BIOS-e820: [mem 0x00000000fec00000-0x00000000fec00fff] reserved
[    0.000000] BIOS-e820: [mem 0x00000000fee00000-0x00000000fee00fff] reserved
[    0.000000] BIOS-e820: [mem 0x00000000fffc0000-0x00000000ffffffff] reserved
[    0.000000] BIOS-e820: [mem 0x0000000100000000-0x000000021fffffff] usable
[    0.000000] NX (Execute Disable) protection: active
[    0.000000] SMBIOS 2.5 present.
[    0.000000] Hypervisor detected: KVM
[    0.000000] e820: last_pfn = 0x220000 max_arch_pfn = 0x400000000
[    0.000000] MTRR: Disabled
[    0.000000] x86/PAT: MTRRs disabled, skipping PAT initialization too.
[    0.000000] x86/PAT: Configuration [0-7]: WB  WT  UC- UC  WB  WT  UC- UC  
[    0.000000] CPU MTRRs all blank - virtualized system.
[    0.000000] e820: last_pfn = 0xdfff0 max_arch_pfn = 0x400000000
[    0.000000] found SMP MP-table at [mem 0x0009fff0-0x0009ffff] mapped at [ffff88000009fff0]
[    0.000000] Scanning 1 areas for low memory corruption
[    0.000000] RAMDISK: [mem 0x36aec000-0x3756dfff]
[    0.000000] ACPI: Early table checksum verification disabled
[    0.000000] ACPI: RSDP 0x00000000000E0000 000024 (v02 VBOX  )
[    0.000000] ACPI: XSDT 0x00000000DFFF0030 00003C (v01 VBOX   VBOXXSDT 00000001 ASL  00000061)
[    0.000000] ACPI: FACP 0x00000000DFFF00F0 0000F4 (v04 VBOX   VBOXFACP 00000001 ASL  00000061)
[    0.000000] ACPI: DSDT 0x00000000DFFF0470 0021C8 (v02 VBOX   VBOXBIOS 00000002 INTL 20100528)
[    0.000000] ACPI: FACS 0x00000000DFFF0200 000040
[    0.000000] ACPI: FACS 0x00000000DFFF0200 000040
[    0.000000] ACPI: APIC 0x00000000DFFF0240 00005C (v02 VBOX   VBOXAPIC 00000001 ASL  00000061)
[    0.000000] ACPI: SSDT 0x00000000DFFF02A0 0001CC (v01 VBOX   VBOXCPUT 00000002 INTL 20100528)
[    0.000000] No NUMA configuration found
[    0.000000] Faking a node at [mem 0x0000000000000000-0x000000021fffffff]
[    0.000000] NODE_DATA(0) allocated [mem 0x21fff5000-0x21fff9fff]
[    0.000000] kvm-clock: Using msrs 4b564d01 and 4b564d00
[    0.000000] kvm-clock: cpu 0, msr 2:1ffed001, primary cpu clock
[    0.000000] kvm-clock: using sched offset of 3483511000 cycles
[    0.000000] clocksource: kvm-clock: mask: 0xffffffffffffffff max_cycles: 0x1cd42e4dffb, max_idle_ns: 881590591483 ns
[    0.000000] Zone ranges:
[    0.000000]   DMA      [mem 0x0000000000001000-0x0000000000ffffff]
[    0.000000]   DMA32    [mem 0x0000000001000000-0x00000000ffffffff]
[    0.000000]   Normal   [mem 0x0000000100000000-0x000000021fffffff]
[    0.000000]   Device   empty
[    0.000000] Movable zone start for each node
[    0.000000] Early memory node ranges
[    0.000000]   node   0: [mem 0x0000000000001000-0x000000000009efff]
[    0.000000]   node   0: [mem 0x0000000000100000-0x00000000dffeffff]
[    0.000000]   node   0: [mem 0x0000000100000000-0x000000021fffffff]
[    0.000000] Initmem setup node 0 [mem 0x0000000000001000-0x000000021fffffff]
[    0.000000] ACPI: PM-Timer IO Port: 0x4008
[    0.000000] IOAPIC[0]: apic_id 2, version 32, address 0xfec00000, GSI 0-23
[    0.000000] ACPI: INT_SRC_OVR (bus 0 bus_irq 0 global_irq 2 dfl dfl)
[    0.000000] ACPI: INT_SRC_OVR (bus 0 bus_irq 9 global_irq 9 high level)
[    0.000000] Using ACPI (MADT) for SMP configuration information
[    0.000000] smpboot: Allowing 2 CPUs, 0 hotplug CPUs
[    0.000000] PM: Registered nosave memory: [mem 0x00000000-0x00000fff]
[    0.000000] PM: Registered nosave memory: [mem 0x0009f000-0x0009ffff]
[    0.000000] PM: Registered nosave memory: [mem 0x000a0000-0x000effff]
[    0.000000] PM: Registered nosave memory: [mem 0x000f0000-0x000fffff]
[    0.000000] PM: Registered nosave memory: [mem 0xdfff0000-0xdfffffff]
[    0.000000] PM: Registered nosave memory: [mem 0xe0000000-0xfebfffff]
[    0.000000] PM: Registered nosave memory: [mem 0xfec00000-0xfec00fff]
[    0.000000] PM: Registered nosave memory: [mem 0xfec01000-0xfedfffff]
[    0.000000] PM: Registered nosave memory: [mem 0xfee00000-0xfee00fff]
[    0.000000] PM: Registered nosave memory: [mem 0xfee01000-0xfffbffff]
[    0.000000] PM: Registered nosave memory: [mem 0xfffc0000-0xffffffff]
[    0.000000] e820: [mem 0xe0000000-0xfebfffff] available for PCI devices
[    0.000000] Booting paravirtualized kernel on KVM
[    0.000000] clocksource: refined-jiffies: mask: 0xffffffff max_cycles: 0xffffffff, max_idle_ns: 7645519600211568 ns
[    0.000000] setup_percpu: NR_CPUS:512 nr_cpumask_bits:512 nr_cpu_ids:2 nr_node_ids:1
[    0.000000] PERCPU: Embedded 33 pages/cpu @ffff88021fc00000 s98264 r8192 d28712 u1048576
[    0.000000] PV qspinlock hash table entries: 256 (order: 0, 4096 bytes)
[    0.000000] Built 1 zonelists in Node order, mobility grouping on.  Total pages: 2064249
[    0.000000] Policy zone: Normal
[    0.000000] Kernel command line: BOOT_IMAGE=/boot/vmlinuz-4.4.0-75-generic root=LABEL=cloudimg-rootfs ro console=tty1 console=ttyS0
[    0.000000] PID hash table entries: 4096 (order: 3, 32768 bytes)
[    0.000000] Memory: 8161092K/8388152K available (8449K kernel code, 1294K rwdata, 3980K rodata, 1484K init, 1316K bss, 227060K reserved, 0K cma-reserved)
[    0.000000] SLUB: HWalign=64, Order=0-3, MinObjects=0, CPUs=2, Nodes=1
[    0.000000] Hierarchical RCU implementation.
[    0.000000] 	Build-time adjustment of leaf fanout to 64.
[    0.000000] 	RCU restricting CPUs from NR_CPUS=512 to nr_cpu_ids=2.
[    0.000000] RCU: Adjusting geometry for rcu_fanout_leaf=64, nr_cpu_ids=2
[    0.000000] NR_IRQS:33024 nr_irqs:440 16
[    0.000000] Console: colour VGA+ 80x25
[    0.000000] console [tty1] enabled
[    0.000000] console [ttyS0] enabled
[    0.000000] tsc: Detected 3498.986 MHz processor
[    7.032613] Calibrating delay loop (skipped) preset value.. 6997.97 BogoMIPS (lpj=13995944)
[    7.068376] pid_max: default: 32768 minimum: 301
[    7.154320] ACPI: Core revision 20150930
[    7.237185] ACPI: 2 ACPI AML tables successfully acquired and loaded
[    7.324777] Security Framework initialized
[    7.325363] Yama: becoming mindful.
[    7.325889] AppArmor: AppArmor initialized
[    7.336840] Dentry cache hash table entries: 1048576 (order: 11, 8388608 bytes)
[    7.469576] Inode-cache hash table entries: 524288 (order: 10, 4194304 bytes)
[    7.520671] Mount-cache hash table entries: 16384 (order: 5, 131072 bytes)
[    7.528994] Mountpoint-cache hash table entries: 16384 (order: 5, 131072 bytes)
[    7.530198] Initializing cgroup subsys io
[    7.530777] Initializing cgroup subsys memory
[    7.531362] Initializing cgroup subsys devices
[    7.548496] Initializing cgroup subsys freezer
[    7.596202] Initializing cgroup subsys net_cls
[    7.664233] Initializing cgroup subsys perf_event
[    7.672871] Initializing cgroup subsys net_prio
[    7.692899] Initializing cgroup subsys hugetlb
[    7.693487] Initializing cgroup subsys pids
[    7.694161] CPU: Physical Processor ID: 0
[    7.712172] CPU: Processor Core ID: 0
[    7.777035] mce: CPU supports 0 MCE banks
[    7.844405] Last level iTLB entries: 4KB 1024, 2MB 1024, 4MB 1024
[    7.888554] Last level dTLB entries: 4KB 1024, 2MB 1024, 4MB 1024, 1GB 4
[    8.005657] Freeing SMP alternatives memory: 32K (ffffffff820b8000 - ffffffff820c0000)
[    8.198243] ftrace: allocating 32117 entries in 126 pages
[    8.324292] smpboot: APIC(0) Converting physical 0 to logical package 0
[    8.452770] smpboot: Max logical packages: 1
[    8.493188] x2apic enabled
[    8.493815] Switched APIC routing to physical x2apic.
[    8.495343] ..TIMER: vector=0x30 apic1=0 pin1=2 apic2=-1 pin2=-1
[    8.624305] smpboot: CPU0: Intel(R) Core(TM) i7-4770K CPU @ 3.50GHz (family: 0x6, model: 0x3c, stepping: 0x3)
[    8.764130] Performance Events: unsupported p6 CPU model 60 no PMU driver, software events only.
[    8.920068] KVM setup paravirtual spinlock
[    8.965305] x86: Booting SMP configuration:
[    8.983719] .... node  #0, CPUs:      #1
[    8.984360] kvm-clock: cpu 1, msr 2:1ffed041, secondary cpu clock
[    8.986893] mce: CPU supports 0 MCE banks
[    8.989329] x86: Booted up 1 node, 2 CPUs
[    9.034165] smpboot: Total of 2 processors activated (13995.94 BogoMIPS)
[    9.089307] devtmpfs: initialized
[    9.151399] evm: security.selinux
[    9.207780] evm: security.SMACK64
[    9.261301] evm: security.SMACK64EXEC
[    9.309343] evm: security.SMACK64TRANSMUTE
[    9.332569] evm: security.SMACK64MMAP
[    9.380434] evm: security.ima
[    9.431506] evm: security.capability
[    9.485273] clocksource: jiffies: mask: 0xffffffff max_cycles: 0xffffffff, max_idle_ns: 7645041785100000 ns
[    9.538498] futex hash table entries: 512 (order: 3, 32768 bytes)
[    9.579757] pinctrl core: initialized pinctrl subsystem
[    9.630513] RTC time:  4:40:29, date: 05/03/17
[    9.694167] NET: Registered protocol family 16
[    9.754466] cpuidle: using governor ladder
[    9.846004] cpuidle: using governor menu
[    9.915332] PCCT header not found.
[    9.928076] ACPI: bus type PCI registered
[    9.928721] acpiphp: ACPI Hot Plug PCI Controller Driver version: 0.5
[    9.929608] PCI: Using configuration type 1 for base access
[    9.941856] ACPI: Added _OSI(Module Device)
[   10.007241] ACPI: Added _OSI(Processor Device)
[   10.095319] ACPI: Added _OSI(3.0 _SCP Extensions)
[   10.181530] ACPI: Added _OSI(Processor Aggregator Device)
[   10.264900] ACPI: Executed 1 blocks of module-level executable AML code
[   10.387840] ACPI: Interpreter enabled
[   10.440278] ACPI: (supports S0 S5)
[   10.482407] ACPI: Using IOAPIC for interrupt routing
[   10.558598] PCI: Using host bridge windows from ACPI; if necessary, use "pci=nocrs" and report a bug
[   10.679685] ACPI: PCI Root Bridge [PCI0] (domain 0000 [bus 00-ff])
[   10.823426] acpi PNP0A03:00: _OSC: OS supports [ASPM ClockPM Segments MSI]
[   10.899462] acpi PNP0A03:00: _OSC failed (AE_NOT_FOUND); disabling ASPM
[   10.911060] acpi PNP0A03:00: fail to add MMCONFIG information, can't access extended PCI configuration space under this bridge.
[   11.095256] PCI host bridge to bus 0000:00
[   11.178773] pci_bus 0000:00: root bus resource [io  0x0000-0x0cf7 window]
[   11.316127] pci_bus 0000:00: root bus resource [io  0x0d00-0xffff window]
[   11.326980] pci_bus 0000:00: root bus resource [mem 0x000a0000-0x000bffff window]
[   11.436092] pci_bus 0000:00: root bus resource [mem 0xe0000000-0xffdfffff window]
[   11.459195] pci_bus 0000:00: root bus resource [bus 00-ff]
[   11.461261] pci 0000:00:01.1: legacy IDE quirk: reg 0x10: [io  0x01f0-0x01f7]
[   11.511960] pci 0000:00:01.1: legacy IDE quirk: reg 0x14: [io  0x03f6]
[   11.512789] pci 0000:00:01.1: legacy IDE quirk: reg 0x18: [io  0x0170-0x0177]
[   11.609916] pci 0000:00:01.1: legacy IDE quirk: reg 0x1c: [io  0x0376]
[   11.847664] pci 0000:00:07.0: quirk: [io  0x4000-0x403f] claimed by PIIX4 ACPI
[   11.930958] pci 0000:00:07.0: quirk: [io  0x4100-0x410f] claimed by PIIX4 SMB
[   12.075153] ACPI: PCI Interrupt Link [LNKA] (IRQs 5 9 10 *11)
[   12.147340] ACPI: PCI Interrupt Link [LNKB] (IRQs 5 9 10 *11)
[   12.162046] ACPI: PCI Interrupt Link [LNKC] (IRQs 5 9 *10 11)
[   12.203243] ACPI: PCI Interrupt Link [LNKD] (IRQs 5 *9 10 11)
[   12.269337] ACPI: Enabled 2 GPEs in block 00 to 07
[   12.311274] vgaarb: setting as boot device: PCI:0000:00:02.0
[   12.370765] vgaarb: device added: PCI:0000:00:02.0,decodes=io+mem,owns=io+mem,locks=none
[   12.392890] vgaarb: loaded
[   12.393389] vgaarb: bridge control possible 0000:00:02.0
[   12.415542] SCSI subsystem initialized
[   12.419197] ACPI: bus type USB registered
[   12.478461] usbcore: registered new interface driver usbfs
[   12.556029] usbcore: registered new interface driver hub
[   12.597258] usbcore: registered new device driver usb
[   12.598280] PCI: Using ACPI for IRQ routing
[   12.627544] NetLabel: Initializing
[   12.628105] NetLabel:  domain hash size = 128
[   12.641614] NetLabel:  protocols = UNLABELED CIPSOv4
[   12.658352] NetLabel:  unlabeled traffic allowed by default
[   12.659199] amd_nb: Cannot enumerate AMD northbridges
[   12.763871] clocksource: Switched to clocksource kvm-clock
[   13.237890] AppArmor: AppArmor Filesystem Enabled
[   13.364263] pnp: PnP ACPI init
[   13.431321] pnp: PnP ACPI: found 3 devices
[   13.453478] clocksource: acpi_pm: mask: 0xffffff max_cycles: 0xffffff, max_idle_ns: 2085701024 ns
[   13.575443] NET: Registered protocol family 2
[   13.646209] TCP established hash table entries: 65536 (order: 7, 524288 bytes)
[   13.736627] TCP bind hash table entries: 65536 (order: 8, 1048576 bytes)
[   13.801679] TCP: Hash tables configured (established 65536 bind 65536)
[   13.938486] UDP hash table entries: 4096 (order: 5, 131072 bytes)
[   14.049075] UDP-Lite hash table entries: 4096 (order: 5, 131072 bytes)
[   14.159000] NET: Registered protocol family 1
[   14.185674] pci 0000:00:00.0: Limiting direct PCI/PCI transfers
[   14.190995] pci 0000:00:01.0: Activating ISA DMA hang workarounds
[   14.294064] Unpacking initramfs...
[   15.903510] Freeing initrd memory: 10760K (ffff880036aec000 - ffff88003756e000)
[   15.948729] PCI-DMA: Using software bounce buffering for IO (SWIOTLB)
[   15.958421] software IO TLB [mem 0xdbff0000-0xdfff0000] (64MB) mapped at [ffff8800dbff0000-ffff8800dffeffff]
[   15.993930] RAPL PMU detected, API unit is 2^-32 Joules, 4 fixed counters 10737418240 ms ovfl timer
[   16.072425] hw unit of domain pp0-core 2^-0 Joules
[   16.073110] hw unit of domain package 2^-0 Joules
[   16.073800] hw unit of domain dram 2^-0 Joules
[   16.074465] hw unit of domain pp1-gpu 2^-0 Joules
[   16.076645] platform rtc_cmos: registered platform RTC device (no PNP device found)
[   16.120519] Scanning for low memory corruption every 60 seconds
[   16.169040] audit: initializing netlink subsys (disabled)
[   16.213604] audit: type=2000 audit(1493786430.687:1): initialized
[   16.214797] Initialise system trusted keyring
[   16.215584] HugeTLB registered 2 MB page size, pre-allocated 0 pages
[   16.217414] zbud: loaded
[   16.238053] VFS: Disk quotas dquot_6.6.0
[   16.285361] VFS: Dquot-cache hash table entries: 512 (order 0, 4096 bytes)
[   16.308226] squashfs: version 4.0 (2009/01/31) Phillip Lougher
[   16.328342] fuse init (API version 7.23)
[   16.409715] Key type big_key registered
[   16.421282] Allocating IMA MOK and blacklist keyrings.
[   16.547332] Key type asymmetric registered
[   16.608274] Asymmetric key parser 'x509' registered
[   16.626014] Block layer SCSI generic (bsg) driver version 0.4 loaded (major 249)
[   16.645498] io scheduler noop registered
[   16.689139] io scheduler deadline registered (default)
[   16.705999] io scheduler cfq registered
[   16.756642] pci_hotplug: PCI Hot Plug PCI Core version: 0.5
[   16.787843] pciehp: PCI Express Hot Plug Controller Driver version: 0.4
[   16.869456] ACPI: AC Adapter [AC] (on-line)
[   16.874113] input: Power Button as /devices/LNXSYSTM:00/LNXPWRBN:00/input/input0
[   16.979237] ACPI: Power Button [PWRF]
[   17.008370] input: Sleep Button as /devices/LNXSYSTM:00/LNXSLPBN:00/input/input1
[   17.009408] ACPI: Sleep Button [SLPF]
[   17.083010] tsc: Refined TSC clocksource calibration: 3498.865 MHz
[   17.113902] clocksource: tsc: mask: 0xffffffffffffffff max_cycles: 0x326f214a6a4, max_idle_ns: 440795378927 ns
[   17.115413] GHES: HEST is not enabled!
[   17.117216] Serial: 8250/16550 driver, 32 ports, IRQ sharing enabled
[   17.139614] 00:02: ttyS0 at I/O 0x3f8 (irq = 4, base_baud = 115200) is a 16550A
[   17.190307] Linux agpgart interface v0.103
[   17.202537] loop: module loaded
[   17.204618] scsi host0: ata_piix
[   17.211736] scsi host1: ata_piix
[   17.221917] ata1: PATA max UDMA/33 cmd 0x1f0 ctl 0x3f6 bmdma 0xd000 irq 14
[   17.222805] ata2: PATA max UDMA/33 cmd 0x170 ctl 0x376 bmdma 0xd008 irq 15
[   17.244293] libphy: Fixed MDIO Bus: probed
[   17.247687] tun: Universal TUN/TAP device driver, 1.6
[   17.293657] tun: (C) 1999-2004 Max Krasnyansky <maxk@qualcomm.com>
[   17.352390] PPP generic driver version 2.4.2
[   17.353090] ehci_hcd: USB 2.0 'Enhanced' Host Controller (EHCI) Driver
[   17.353966] ehci-pci: EHCI PCI platform driver
[   17.354588] ehci-platform: EHCI generic platform driver
[   17.355255] ohci_hcd: USB 1.1 'Open' Host Controller (OHCI) Driver
[   17.357540] ohci-pci: OHCI PCI platform driver
[   17.364573] ohci-platform: OHCI generic platform driver
[   17.365260] uhci_hcd: USB Universal Host Controller Interface driver
[   17.430616] i8042: PNP: PS/2 Controller [PNP0303:PS2K,PNP0f03:PS2M] at 0x60,0x64 irq 1,12
[   17.432161] serio: i8042 KBD port at 0x60,0x64 irq 1
[   17.432879] serio: i8042 AUX port at 0x60,0x64 irq 12
[   17.439665] mousedev: PS/2 mouse device common for all mice
[   17.452929] rtc_cmos rtc_cmos: rtc core: registered rtc_cmos as rtc0
[   17.469851] input: AT Translated Set 2 keyboard as /devices/platform/i8042/serio0/input/input2
[   17.471209] rtc_cmos rtc_cmos: alarms up to one day, 114 bytes nvram
[   17.484011] i2c /dev entries driver
[   17.484610] device-mapper: uevent: version 1.0.3
[   17.486729] device-mapper: ioctl: 4.34.0-ioctl (2015-10-28) initialised: dm-devel@redhat.com
[   17.517701] ledtrig-cpu: registered to indicate activity on CPUs
[   17.524296] NET: Registered protocol family 10
[   17.526885] NET: Registered protocol family 17
[   17.530579] Key type dns_resolver registered
[   17.532826] microcode: CPU0 sig=0x306c3, pf=0x40, revision=0x0
[   17.533577] microcode: CPU1 sig=0x306c3, pf=0x40, revision=0x0
[   17.534375] microcode: Microcode Update Driver: v2.01 <tigran@aivazian.fsnet.co.uk>, Peter Oruba
[   17.535683] registered taskstats version 1
[   17.536430] Loading compiled-in X.509 certificates
[   17.537630] Loaded X.509 cert 'Build time autogenerated kernel key: c2fea74804032151001b764dbf9eab8df960fa59'
[   17.544531] zswap: loaded using pool lzo/zbud
[   17.550497] Key type trusted registered
[   17.554528] Key type encrypted registered
[   17.556651] AppArmor: AppArmor sha1 policy hashing enabled
[   17.605801] ima: No TPM chip found, activating TPM-bypass!
[   17.606525] evm: HMAC attrs: 0x1
[   17.608799]   Magic number: 1:771:665
[   17.609440] rtc_cmos rtc_cmos: setting system clock to 2017-05-03 04:40:37 UTC (1493786437)
[   17.612193] BIOS EDD facility v0.16 2004-Jun-25, 0 devices found
[   17.613003] EDD information not available.
[   17.614561] Freeing unused kernel memory: 1484K (ffffffff81f45000 - ffffffff820b8000)
[   17.661871] Write protecting the kernel read-only data: 14336k
[   17.687161] Freeing unused kernel memory: 1780K (ffff880001843000 - ffff880001a00000)
[   17.691100] Freeing unused kernel memory: 116K (ffff880001de3000 - ffff880001e00000)
Loading, please wait...
starting version[   17.703046] random: systemd-udevd: uninitialized urandom read (16 bytes read, 2 bits of entropy available)
 229
[   17.703582] random: udevadm: uninitialized urandom read (16 bytes read, 2 bits of entropy available)
[   17.703607] random: udevadm: uninitialized urandom read (16 bytes read, 2 bits of entropy available)
[   17.703689] random: udevadm: uninitialized urandom read (16 bytes read, 2 bits of entropy available)
[   17.703718] random: udevadm: uninitialized urandom read (16 bytes read, 2 bits of entropy available)
[   17.703745] random: udevadm: uninitialized urandom read (16 bytes read, 2 bits of entropy available)
[   17.703774] random: udevadm: uninitialized urandom read (16 bytes read, 2 bits of entropy available)
[   17.703801] random: udevadm: uninitialized urandom read (16 bytes read, 2 bits of entropy available)
[   17.703827] random: udevadm: uninitialized urandom read (16 bytes read, 2 bits of entropy available)
[   17.703855] random: udevadm: uninitialized urandom read (16 bytes read, 2 bits of entropy available)
[   17.905045] e1000: Intel(R) PRO/1000 Network Driver - version 7.3.21-k8-NAPI
[   17.938972] e1000: Copyright (c) 1999-2006 Intel Corporation.
[   17.960358] AVX version of gcm_enc/dec engaged.
[   17.969204] Fusion MPT base driver 3.04.20
[   17.969204] Copyright (c) 1999-2008 LSI Corporation
[   17.984636] AES CTR mode by8 optimization enabled
[   17.994199] Fusion MPT SPI Host driver 3.04.20
[   18.179642] input: ImExPS/2 Generic Explorer Mouse as /devices/platform/i8042/serio1/input/input4
[   18.315581] e1000 0000:00:03.0 eth0: (PCI:33MHz:32-bit) 02:c9:fd:7c:bf:ce
[   18.481088] e1000 0000:00:03.0 eth0: Intel(R) PRO/1000 Network Connection
[   18.659420] mptbase: ioc0: Initiating bringup
[   18.659658] e1000 0000:00:03.0 enp0s3: renamed from eth0
[   18.800646] ioc0: LSI53C1030 A0: Capabilities={Initiator}
[   19.021695] scsi host2: ioc0: LSI53C1030 A0, FwRev=00000000h, Ports=1, MaxQ=256, IRQ=20
[   19.156409] scsi 2:0:0:0: Direct-Access     VBOX     HARDDISK         1.0  PQ: 0 ANSI: 5
[   19.350707] scsi target2:0:0: Beginning Domain Validation
[   19.352472] scsi target2:0:0: Domain Validation skipping write tests
[   19.519362] scsi target2:0:0: Ending Domain Validation
[   19.657098] scsi target2:0:0: asynchronous
[   19.766120] scsi 2:0:1:0: Direct-Access     VBOX     HARDDISK         1.0  PQ: 0 ANSI: 5
[   19.946536] scsi target2:0:1: Beginning Domain Validation
[   20.052501] scsi target2:0:1: Domain Validation skipping write tests
[   20.122732] scsi target2:0:1: Ending Domain Validation
[   20.232978] scsi target2:0:1: asynchronous
[   20.321012] sd 2:0:0:0: [sda] 20971520 512-byte logical blocks: (10.7 GB/10.0 GiB)
[   20.327438] sd 2:0:0:0: Attached scsi generic sg0 type 0
[   20.440397] sd 2:0:0:0: [sda] Write Protect is off
[   20.441175] sd 2:0:0:0: [sda] Incomplete mode parameter data
[   20.444647] sd 2:0:0:0: [sda] Assuming drive cache: write through
[   20.445608] sd 2:0:1:0: [sdb] 20480 512-byte logical blocks: (10.5 MB/10.0 MiB)
[   20.445636] sd 2:0:1:0: Attached scsi generic sg1 type 0
[   20.449058] sd 2:0:1:0: [sdb] Write Protect is off
[   20.449118]  sda: sda1
[   20.449605] sd 2:0:0:0: [sda] Attached SCSI disk
[   20.452576] sd 2:0:1:0: [sdb] Incomplete mode parameter data
[   20.454527] sd 2:0:1:0: [sdb] Assuming drive cache: write through
[   20.467675] sd 2:0:1:0: [sdb] Attached SCSI disk
[   20.996390] floppy0: no floppy controllers found
Begin: Loading e[   22.360515] md: linear personality registered for level -1
ssential drivers ... [   22.396636] md: multipath personality registered for level -4
[   22.399196] md: raid0 personality registered for level 0
[   22.403025] md: raid1 personality registered for level 1
[   22.471932] raid6: sse2x1   gen() 10866 MB/s
[   22.636171] raid6: sse2x1   xor()  8429 MB/s
[   22.775955] raid6: sse2x2   gen() 14187 MB/s
[   22.916293] raid6: sse2x2   xor()  9254 MB/s
[   22.999925] raid6: sse2x4   gen() 15206 MB/s
[   23.136296] raid6: sse2x4   xor() 10604 MB/s
[   23.156762] raid6: using algorithm sse2x4 gen() 15206 MB/s
[   23.193057] raid6: .... xor() 10604 MB/s, rmw enabled
[   23.195003] raid6: using ssse3x2 recovery algorithm
[   23.196962] xor: automatically using best checksumming function:
[   23.304008]    avx       : 25752.000 MB/sec
[   23.399323] async_tx: api initialized (async)
[   23.476062] md: raid6 personality registered for level 6
[   23.532783] md: raid5 personality registered for level 5
[   23.589092] md: raid4 personality registered for level 4
[   23.602077] md: raid10 personality registered for level 10
done.
Begin: Running[   23.688969] Btrfs loaded
 /scripts/init-premount ... done.
Begin: Mounting root file system ... Begin: Running /scripts/local-top ... done.
Begin: Runn[   23.765178] EXT4-fs (sda1): mounted filesystem with ordered data mode. Opts: (null)
ing /scripts/local-premount ... Scanning for Btrfs filesystems
done.
Warning: fsck not present, so skipping root file system
done.
Begin: Running /scripts/local-bottom ... done.
Begin: Running /scripts/init-bottom ... done.
[   24.370750] systemd[1]: systemd 229 running in system mode. (+PAM +AUDIT +SELINUX +IMA +APPARMOR +SMACK +SYSVINIT +UTMP +LIBCRYPTSETUP +GCRYPT +GNUTLS +ACL +XZ -LZ4 +SECCOMP +BLKID +ELFUTILS +KMOD -IDN)
[   24.625591] systemd[1]: Detected virtualization oracle.
[   24.718684] systemd[1]: Detected architecture x86-64.

Welcome to [1mUbuntu 16.04.2 LTS[0m!

[   24.843662] systemd[1]: Set hostname to <ubuntu>.
[   24.906196] systemd[1]: Initializing machine ID from random generator.
[   24.922884] systemd[1]: Installed transient /etc/machine-id file.
[   24.967645] random: nonblocking pool is initialized
[   26.063496] systemd[1]: Listening on udev Kernel Socket.
[[0;32m  OK  [0m] Listening on udev Kernel Socket.
[   26.072748] systemd[1]: Created slice User and Session Slice.
[[0;32m  OK  [0m] Created slice User and Session Slice.
[   26.077304] systemd[1]: Reached target Encrypted Volumes.
[[0;32m  OK  [0m] Reached target Encrypted Volumes.
[   26.088384] systemd[1]: Listening on udev Control Socket.
[[0;32m  OK  [0m] Listening on udev Control Socket.
[   26.097844] systemd[1]: Listening on LVM2 metadata daemon socket.
[[0;32m  OK  [0m] Listening on LVM2 metadata daemon socket.
[   26.099469] systemd[1]: Set up automount Arbitrary Executable File Formats File System Automount Point.
[[0;32m  OK  [0m] Set up automount Arbitrary Executab...ats File System Automount Point.
[   26.156116] systemd[1]: Reached target Swap.
[[0;32m  OK  [0m] Reached target Swap.
[   26.169823] systemd[1]: Listening on Device-mapper event daemon FIFOs.
[[0;32m  OK  [0m] Listening on Device-mapper event daemon FIFOs.
[   26.182002] systemd[1]: Listening on /dev/initctl Compatibility Named Pipe.
[[0;32m  OK  [0m] Listening on /dev/initctl Compatibility Named Pipe.
[   26.256112] systemd[1]: Listening on LVM2 poll daemon socket.
[[0;32m  OK  [0m] Listening on LVM2 poll daemon socket.
[   26.296206] systemd[1]: Listening on Journal Socket.
[[0;32m  OK  [0m] Listening on Journal Socket.
[   26.332718] systemd[1]: Reached target User and Group Name Lookups.
[[0;32m  OK  [0m] Reached target User and Group Name Lookups.
[   26.369533] systemd[1]: Listening on Journal Audit Socket.
[[0;32m  OK  [0m] Listening on Journal Audit Socket.
[   26.414608] systemd[1]: Listening on Syslog Socket.
[[0;32m  OK  [0m] Listening on Syslog Socket.
[   26.422351] systemd[1]: Created slice System Slice.
[[0;32m  OK  [0m] Created slice System Slice.
[   26.464227] systemd[1]: Starting Create list of required static device nodes for the current kernel...
         Starting Create list of required st... nodes for the current kernel...
[   26.525132] systemd[1]: Mounting Debug File System...
         Mounting Debug File System...
[   26.526902] systemd[1]: Starting Monitoring of LVM2 mirrors, snapshots etc. using dmeventd or progress polling...
         Starting Monitoring of LVM2 mirrors... dmeventd or progress polling...
[   26.560017] systemd[1]: Starting Nameserver information manager...
         Starting Nameserver information manager...
[   26.660592] systemd[1]: Starting Set console keymap...
         Starting Set console keymap...
[   26.709073] systemd[1]: Reached target Slices.
[[0;32m  OK  [0m] Reached target Slices.
[   26.760281] systemd[1]: Created slice system-serial\x2dgetty.slice.
[[0;32m  OK  [0m] Created slice system-serial\x2dgetty.slice.
[   26.796374] systemd[1]: Starting Remount Root and Kernel File Systems...
[   26.803847] EXT4-fs (sda1): re-mounted. Opts: (null)
         Starting Remount Root and Kernel File Systems...
[   26.888341] systemd[1]: Mounting POSIX Message Queue File System...
         Mounting POSIX Message Queue File System...
[   26.939619] systemd[1]: Started Trigger resolvconf update for networkd DNS.
[[0;32m  OK  [0m] Started Trigger resolvconf update for networkd DNS.
[   26.996843] systemd[1]: Starting Uncomplicated firewall...
         Starting Uncomplicated firewall...
[   27.018372] systemd[1]: Starting Load Kernel Modules...
         Starting Load Kernel Modules...
[   27.040304] Loading iSCSI transport class v2.0-870.
[   27.060390] systemd[1]: Mounting Huge Pages File System...
         Mounting Huge Pages File System...
[   27.075278] systemd[1]: Started Forward Password Requests to Wall Directory Watch.
[[0;32m  OK  [[   27.117207] iscsi: registered transport (tcp)
0m] Started Forward Password Requests to Wall Directory Watch.
[   27.162407] systemd[1]: Listening on Journal Socket (/dev/log).
[[0;32m  OK  [0m] Listening on Journal Socket (/dev/log).
[   27.200098] systemd[1]: Starting Journal Service...
         Starting Journal Servic[   27.216021] iscsi: registered transport (iser)
e...
[   27.226079] systemd[1]: Mounted Debug File System.
[[0;32m  OK  [0m] Mounted Debug File System.
[   27.240173] systemd[1]: Mounted POSIX Message Queue File System.
[[0;32m  OK  [0m] Mounted POSIX Message Queue File System.
[   27.365972] systemd[1]: Mounted Huge Pages File System.
[[0;32m  OK  [0m] Mounted Huge Pages File System.
[   27.456219] systemd[1]: Started Journal Service.
[[0;32m  OK  [0m] Started Journal Service.
[[0;32m  OK  [0m] Started Create list of required sta...ce nodes for the current kernel.
[[0;32m  OK  [0m] Started Set console keymap.
[[0;32m  OK  [0m] Started Remount Root and Kernel File Systems.
[[0;32m  OK  [0m] Started Uncomplicated firewall.
[[0;32m  OK  [0m] Started Load Kernel Modules.
[[0;32m  OK  [0m] Started Nameserver information manager.
[[0;32m  OK  [0m] Started LVM2 metadata daemon.
         Starting Apply Kernel Variables...
         Mounting FUSE Control File System...
         Starting udev Coldplug all Devices...
         Starting Initial cloud-init job (pre-networking)...
         Starting Load/Save Random Seed...
         Starting Create Static Device Nodes in /dev...
         Starting Flush Journal to Persistent Storage...
[[0;32m  OK  [0m] Mounted FUSE Control File System.
[[0;32m  OK  [0m] Started Apply Kernel Variables.
[[0;32m  OK  [0m] Started Load/Save Random Seed.
[[0;32m  OK  [0m] Started udev Coldplug all Devices.
[[0;32m  OK  [0m] Started Flush Journal to Persistent Storage.
[[0;32m  OK  [0m] Started Monitoring of LVM2 mirrors,...ng dmeventd or progress polling.
[[0;32m  OK  [0m] Started Create Static Device Nodes in /dev.
         Starting udev Kernel Device Manager...
[[0;32m  OK  [0m] Started udev Kernel Device Manager.
[[0;32m  OK  [0m] Started Dispatch Password Requests to Console Directory Watch.
[[0;32m  OK  [0m] Reached target Local File Systems (Pre).
[[0;32m  OK  [0m] Reached target Local File Systems.
         Starting Tell Plymouth To Write Out Runtime Data...
         Starting Commit a transient machine-id on disk...
         Starting Set console font and keymap...
         Starting LSB: AppArmor initialization...
         Starting Create Volatile Files and Directories...
[[0;32m  OK  [0m] Started Create Volatile Files and Directories.
[[0;32m  OK  [0m] Found device /dev/ttyS0.
[[0;32m  OK  [0m] Reached target System Time Synchronized.
         Starting Update UTMP about System Boot/Shutdown...
[[0;32m  OK  [0m] Started Tell Plymouth To Write Out Runtime Data.
[[0;32m  OK  [0m] Started Commit a transient machine-id on disk.
[[0;32m  OK  [0m] Started Update UTMP about System Boot/Shutdown.
[[0;32m  OK  [0m] Listening on Load/Save RF Kill Switch Status /dev/rfkill Watch.
[[0;32m  OK  [0m] Started LSB: AppArmor initialization.
[[0;32m  OK  [0m] Started Set console font and keymap.
[[0;32m  OK  [0m] Created slice system-getty.slice.
[   22.777802] cloud-init[437]: Cloud-init v. 0.7.9 running 'init-local' at Wed, 03 May 2017 04:40:54 +0000. Up 22.37 seconds.
[[0;32m  OK  [0m] Started Initial cloud-init job (pre-networking).
[[0;32m  OK  [0m] Reached target Network (Pre).
         Starting Raise network interfaces...
[[0;32m  OK  [0m] Started Raise network interfaces.
[[0;32m  OK  [0m] Reached target Network.
         Starting Initial cloud-init job (metadata service crawler)...
[   24.969360] cloud-init[943]: Cloud-init v. 0.7.9 running 'init' at Wed, 03 May 2017 04:40:55 +0000. Up 23.49 seconds.
[   24.987843] cloud-init[943]: ci-info: +++++++++++++++++++++++++++++++++++++Net device info++++++++++++++++++++++++++++++++++++++
[   24.989117] cloud-init[943]: ci-info: +--------+------+----------------------------+---------------+-------+-------------------+
[[0;32m  OK  [0m] Started Initial cloud-init job (metadata service crawler).
[[0;32m  OK  [0m] Reached target Cloud-config availability.
[[0;32m  OK  [0m] Reached target Network is Online.
[   25.035968] cloud-init[943]: ci-info: | Device |  Up  |          Address           |      Mask     | Scope |     Hw-Address    |
[   25.053977] cloud-init[943]: ci-info: +--------+------+----------------------------+---------------+-------+-------------------+
[   25.059435] cloud-init[943]: ci-info: | enp0s3 | True |         10.0.2.15          | 255.255.255.0 |   .   | 02:c9:fd:7c:bf:ce |
[   25.068292] cloud-init[943]: ci-info: | enp0s3 | True | fe80::c9:fdff:fe7c:bfce/64 |       .       |  link | 02:c9:fd:7c:bf:ce |
         Starting iSCSI initiator daemon (iscsid)...
[[0;32m  OK  [0m] Reached target System Initialization.
[   25.143480] cloud-init[943]: ci-info: |   lo   | True |         127.0.0.1          |   255.0.0.0   |   .   |         .         |
[   25.240905] cloud-init[943]: ci-info: |   lo   | True |          ::1/128           |       .       |  host |         .         |
[   25.241360] cloud-init[943]: ci-info: +--------+------+----------------------------+---------------+-------+-------------------+
[   25.241488] cloud-init[943]: ci-info: +++++++++++++++++++++++++++Route IPv4 info++++++++++++++++++++++++++++
[   25.241592] cloud-init[943]: ci-info: +-------+-------------+----------+---------------+-----------+-------+
[   25.241754] cloud-init[943]: ci-info: | Route | Destination | Gateway  |    Genmask    | Interface | Flags |
[   25.241863] cloud-init[943]: ci-info: +-------+-------------+----------+---------------+-----------+-------+
[   25.241963] cloud-init[943]: ci-info: |   0   |   0.0.0.0   | 10.0.2.2 |    0.0.0.0    |   enp0s3  |   UG  |
[   25.242070] cloud-init[943]: ci-info: |   1   |   10.0.2.0  | 0.0.0.0  | 255.255.255.0 |   enp0s3  |   U   |
[   25.242250] cloud-init[943]: ci-info: +-------+-------------+----------+---------------+-----------+-------+
[   25.242303] cloud-init[943]: Generating public/private rsa key pair.
[   25.242349] cloud-init[943]: Your identification has been saved in /etc/ssh/ssh_host_rsa_key.
[   25.242396] cloud-init[943]: Your public key has been saved in /etc/ssh/ssh_host_rsa_key.pub.
[   25.242441] cloud-init[943]: The key fingerprint is:
[   25.242485] cloud-init[943]: SHA256:WyliWKOjoXEv2zeLMDr6eznvuKRnoN8e6i9pMV7q9N4 root@ubuntu-xenial
[   25.242534] cloud-init[943]: The key's randomart image is:
[   25.242579] cloud-init[943]: +---[RSA 2048]----+
[   25.242624] cloud-init[943]: |                 |
[   25.242726] cloud-init[943]: |                 |
[   25.242771] cloud-init[943]: |      o          |
[   25.242816] cloud-init[943]: |     + .   .     |
[   25.242860] cloud-init[943]: |. o + o S o      |
[   25.242902] cloud-init[943]: | +++.o . +       |
[   25.242947] cloud-init[943]: |.o*B+.  .        |
[   25.242990] cloud-init[943]: |oo*%*=o          |
[   25.243039] cloud-init[943]: |+BXX@*Eo         |
[   25.243348] cloud-init[943]: +----[SHA256]-----+
[   25.243405] cloud-init[943]: Generating public/private dsa key pair.
[   25.243453] cloud-init[943]: Your identification has been saved in /etc/ssh/ssh_host_dsa_key.
[   25.243497] cloud-init[943]: Your public key has been saved in /etc/ssh/ssh_host_dsa_key.pub.
[   25.243542] cloud-init[943]: The key fingerprint is:
[   25.243586] cloud-init[943]: SHA256:Rd1MdlV4hnubRuMQ6vSTon5wxxswq6Dc5+wHPWe9OEs root@ubuntu-xenial
[   25.243656] cloud-init[943]: The key's randomart image is:
[   25.243720] cloud-init[943]: +---[DSA 1024]----+
[   25.243765] cloud-init[943]: |          .. +oo*|
[   25.243809] cloud-init[943]: |         .  .o=.o|
[   25.243856] cloud-init[943]: |          . . .+ |
[   25.243899] cloud-init[943]: |         . = ..o.|
[   25.243944] cloud-init[943]: |        S + * *.+|
[   25.243987] cloud-init[943]: |       . o B X * |
[   25.244030] cloud-init[943]: |    . o . * *E* .|
[   25.244074] cloud-init[943]: |     o ..+ o.+ . |
[   25.244121] cloud-init[943]: |        ==o  .o  |
[[0;32m  OK  [0m] Started Daily Cleanup of Temporary Directories.
[[0;32m  OK  [0m] Started ACPI Events Check.
[[0;32m  OK  [0m] Reached target Paths.
[[0;32m  OK  [0m] Listening on D-Bus System Message Bus Socket.
[   26.874042] cloud-init[943]: +----[SHA256]-----+
[   26.952045] cloud-init[943]: Generating public/private ecdsa key pair.
[   26.968443] cloud-init[943]: Your identification has been saved in /etc/ssh/ssh_host_ecdsa_key.
[[0;32m  OK  [0m] Started Timer to automatically refresh installed snaps.
[[0;32m  OK  [0m] Listening on ACPID Listen Socket.
[[0;32m  OK  [0m] Listening on UUID daemon activation socket.
[   27.018199] cloud-init[943]: Your public key has been saved in /etc/ssh/ssh_host_ecdsa_key.pub.
[   27.136496] cloud-init[943]: The key fingerprint is:
[   27.176508] cloud-init[943]: SHA256:9RLsFDMAZYWCgy6KEl7DevbVss3Zg3Pf1Xz0ONTDTRw root@ubuntu-xenial
         Starting Socket activation for snappy daemon.
[[0;32m  OK  [0m] Started Daily apt activities.
[[0;32m  OK  [0m] Reached target Timers.
[   27.223774] cloud-init[943]: The key's randomart image is:
[   27.368327] cloud-init[943]: +---[ECDSA 256]---+
[   27.368618] cloud-init[943]: |   . ..o++=    E |
[   27.369099] cloud-init[943]: |  . o .... +   ..|
[   27.369205] cloud-init[943]: | ..  . .  =     o|
[   27.369321] cloud-init[943]: |o .+     + o  .o.|
[   27.369469] cloud-init[943]: |+oo .   S o . .o+|
[   27.369590] cloud-init[943]: |+o o   o . . . ++|
[   27.369692] cloud-init[943]: |. o . . = +   o *|
[   27.369790] cloud-init[943]: |     . . * +  ..o|
[   27.369889] cloud-init[943]: |          o o. . |
[   27.370046] cloud-init[943]: +----[SHA256]-----+
[   27.370151] cloud-init[943]: Generating public/private ed25519 key pair.
[   27.370251] cloud-init[943]: Your identification has been saved in /etc/ssh/ssh_host_ed25519_key.
[   27.370353] cloud-init[943]: Your public key has been saved in /etc/ssh/ssh_host_ed25519_key.pub.
[   27.370521] cloud-init[943]: The key fingerprint is:
[   27.370634] cloud-init[943]: SHA256:Es+gPV65BZgflrp/TFESDqeieOQTNIhVFpLeV+GK7cI root@ubuntu-xenial
[   27.370743] cloud-init[943]: The key's randomart image is:
[   27.370844] cloud-init[943]: +--[ED25519 256]--+
[   27.370998] cloud-init[943]: | oo+*.  o.o.     |
[   27.371107] cloud-init[943]: |. o+ . +.*. .    |
[   27.371206] cloud-init[943]: | . .o *.B .o     |
[   27.371304] cloud-init[943]: |  .+.B.@ +.      |
[   27.371402] cloud-init[943]: |  . B.B S ..     |
[   27.371561] cloud-init[943]: |   o + = o.      |
[   27.371665] cloud-init[943]: |    E + .o       |
[   27.371764] cloud-init[943]: |     . .  o      |
[   27.371864] cloud-init[943]: |        ..       |
[   27.372089] cloud-init[943]: +----[SHA256]-----+
         Starting LXD - unix socket.
[[0;32m  OK  [0m] Listening on Socket activation for snappy daemon.
[[0;32m  OK  [0m] Listening on LXD - unix socket.
[[0;32m  OK  [0m] Started iSCSI initiator daemon (iscsid).
         Starting Login to default iSCSI targets...
[[0;32m  OK  [0m] Reached target Sockets.
[[0;32m  OK  [0m] Reached target Basic System.
[[0;32m  OK  [0m] Started Regular background program processing daemon.
         Starting Login Service...
         Starting Pollinate to seed the pseudo random number generator...
[[0;32m  OK  [0m] Started D-Bus System Message Bus.
         Starting Apply the settings specified in cloud-config...
         Starting LSB: MD monitoring daemon...
[[0;32m  OK  [0m] Started Deferred execution scheduler.
[[0;32m  OK  [0m] Started ACPI event daemon.
         Starting LSB: Record successful boot for GRUB...
         Starting System Logging Service...
         Starting LXD - container startup/shutdown...
[[0;32m  OK  [0m] Started Snappy daemon.
[[0;32m  OK  [0m] Started FUSE filesystem for LXC.
         Starting Accounts Service...
         Starting /etc/rc.local Compatibility...
         Starting Auto import assertions from block devices...
[[0;32m  OK  [0m] Started Auto import assertions from block devices.
[[0;32m  OK  [0m] Started /etc/rc.local Compatibility.
[[0;32m  OK  [0m] Started Login Service.
[[0;32m  OK  [0m] Started LSB: MD monitoring daemon.
[[0;32m  OK  [0m] Started Login to default iSCSI targets.
[[0;32m  OK  [0m] Reached target Remote File Systems (Pre).
[[0;32m  OK  [0m] Reached target Remote File Systems.
         Starting LSB: Set the CPU Frequency Scaling governor to "ondemand"...
         Starting LSB: automatic crash report generation...
         Starting LSB: daemon to balance interrupts for SMP systems...
         Starting Permit User Sessions...
         Starting LSB: VirtualBox Linux Additions...
[[0;32m  OK  [0m] Started System Logging Service.
[[0;32m  OK  [0m] Started Permit User Sessions.
[[0;32m  OK  [0m] Started LSB: Set the CPU Frequency Scaling governor to "ondemand".
[   29.519730] cloud-init[1070]: Generating locales (this might take a while)...
         Starting Terminate Plymouth Boot Screen...
         Starting Hold until boot process finishes up...
[[0;32m  OK  [0m] Started Terminate Plymouth Boot Screen.
[[0;32m  OK  [0m] Started Hold until boot process finishes up.
[[0;32m  OK  [0m] Started Serial Getty on ttyS0.
[[0;32m  OK  [0m] Started Getty on tty1.
[[0;32m  OK  [0m] Reached target Login Prompts.
         Starting Set console scheme...
[[0;32m  OK  [0m] Started LSB: daemon to balance interrupts for SMP systems.
[[0;32m  OK  [0m] Started LSB: Record successful boot for GRUB.
[[0;32m  OK  [0m] Started LSB: automatic crash report generation.
[[0;32m  OK  [0m] Started Set console scheme.
         Starting Authenticate and Authorize Users to Run Privileged Tasks...
[[0;32m  OK  [0m] Started LSB: VirtualBox Linux Additions.
[[0;32m  OK  [0m] Started Authenticate and Authorize Users to Run Privileged Tasks.
[[0;32m  OK  [0m] Started Accounts Service.
[[0;32m  OK  [0m] Started Pollinate to seed the pseudo random number generator.
         Starting OpenBSD Secure Shell server...
[   32.406657] cloud-init[1070]:   en_US.UTF-8... done
[   32.456958] cloud-init[1070]: Generation complete.
[[0;32m  OK  [0m] Started OpenBSD Secure Shell server.
[[0;32m  OK  [0m] Started LXD - container startup/shutdown.
[[0;32m  OK  [0m] Reached target Multi-User System.
[[0;32m  OK  [0m] Reached target Graphical Interface.
         Starting Update UTMP about System Runlevel Changes...
[[0;32m  OK  [0m] Started Update UTMP about System Runlevel Changes.
         Stopping OpenBSD Secure Shell server...
[[0;32m  OK  [0m] Stopped OpenBSD Secure Shell server.
         Starting OpenBSD Secure Shell server...
[[0;32m  OK  [0m] Started OpenBSD Secure Shell server.
[[0;32m  OK  [0m] Created slice User Slice of ubuntu.
         Starting User Manager for UID 1000...
[[0;32m  OK  [0m] Started Session 1 of user ubuntu.
[[0;32m  OK  [0m] Started User Manager for UID 1000.
[   35.390392] cloud-init[1070]: Cloud-init v. 0.7.9 running 'modules:config' at Wed, 03 May 2017 04:41:00 +0000. Up 28.81 seconds.

Ubuntu 16.04.2 LTS ubuntu-xenial ttyS0

ubuntu-xenial login: ci-info: no authorized ssh keys fingerprints found for user ubuntu.
<14>May  3 04:41:07 ec2: 
<14>May  3 04:41:07 ec2: #############################################################
<14>May  3 04:41:07 ec2: -----BEGIN SSH HOST KEY FINGERPRINTS-----
<14>May  3 04:41:07 ec2: 1024 SHA256:Rd1MdlV4hnubRuMQ6vSTon5wxxswq6Dc5+wHPWe9OEs root@ubuntu-xenial (DSA)
<14>May  3 04:41:07 ec2: 256 SHA256:9RLsFDMAZYWCgy6KEl7DevbVss3Zg3Pf1Xz0ONTDTRw root@ubuntu-xenial (ECDSA)
<14>May  3 04:41:07 ec2: 256 SHA256:Es+gPV65BZgflrp/TFESDqeieOQTNIhVFpLeV+GK7cI root@ubuntu-xenial (ED25519)
<14>May  3 04:41:07 ec2: 2048 SHA256:WyliWKOjoXEv2zeLMDr6eznvuKRnoN8e6i9pMV7q9N4 root@ubuntu-xenial (RSA)
<14>May  3 04:41:07 ec2: -----END SSH HOST KEY FINGERPRINTS-----
<14>May  3 04:41:07 ec2: #############################################################
-----BEGIN SSH HOST KEY KEYS-----
ecdsa-sha2-nistp256 AAAAE2VjZHNhLXNoYTItbmlzdHAyNTYAAAAIbmlzdHAyNTYAAABBBIYXOldD8d84zu9Vl022OCItleL0kWAtnLhNiCaQZ5XPoBoCD0vkJ/0QiUMV74x73yONVFj+B0+oGBEIewYE/2M= root@ubuntu-xenial
ssh-ed25519 AAAAC3NzaC1lZDI1NTE5AAAAIGzVs7kpa879gYoyeGmtWf6hAGHSpSoFQfkd3hpiG7rK root@ubuntu-xenial
ssh-rsa AAAAB3NzaC1yc2EAAAADAQABAAABAQDWOYB78OF60ycRgKQczyPhzbZbdp637T4lKhdmUQn860VfEVKTC9xPcpTDBSzU8+RBNQy4Lx/owRQt0iqkwgTYcxJi4MQkvHBDzcPG0D8qMlsQD3ztPsW2Fc3buXIQENA3LED5BNM9+tfxRcZPSP4fWnD0O15Pu/i3UNcAdqUzyn3FxVnn/zVS5ZQsVk7xtgMik0wdgElLyx7DIExgd42ic3OVs/foe7sPl67mQo90CUAN5Wr9DkBwu6E6uvgLa2rMGo1AORo5s4tCfMuOkTkkrmnahSR2XUPTpZC7pwIvkxvrV3KLt+gBC5CBTz90gqvfWDgnO7DOyphcw7dNUsyT root@ubuntu-xenial
-----END SSH HOST KEY KEYS-----
[   35.897752] cloud-init[1398]: Cloud-init v. 0.7.9 running 'modules:final' at Wed, 03 May 2017 04:41:07 +0000. Up 35.68 seconds.
[   35.897966] cloud-init[1398]: ci-info: no authorized ssh keys fingerprints found for user ubuntu.
[   35.898092] cloud-init[1398]: Cloud-init v. 0.7.9 finished at Wed, 03 May 2017 04:41:07 +0000. Datasource DataSourceNoCloud [seed=/dev/sdb][dsmode=net].  Up 35.88 seconds
